#
# A fatal error has been detected by the Java Runtime Environment:
#
#  EXCEPTION_ACCESS_VIOLATION (0xc0000005) at pc=0x000000005eaf3098, pid=5916, tid=1332
#
# JRE version: Java(TM) SE Runtime Environment (8.0_65-b17) (build 1.8.0_65-b17)
# Java VM: Java HotSpot(TM) 64-Bit Server VM (25.65-b01 mixed mode windows-amd64 compressed oops)
# Problematic frame:
# V  [jvm.dll+0x113098]
#
# Failed to write core dump. Minidumps are not enabled by default on client versions of Windows
#
# If you would like to submit a bug report, please visit:
#   http://bugreport.java.com/bugreport/crash.jsp
#

---------------  T H R E A D  ---------------

Current thread (0x0000000001d9d000):  GCTaskThread [stack: 0x0000000011bd0000,0x0000000011cd0000] [id=1332]

siginfo: ExceptionCode=0xc0000005, reading address 0xffffffffffffffff

Registers:
RAX=0x0000000012220000, RBX=0x0000000020000000, RCX=0x0000000000000000, RDX=0x0000000000000000
RSP=0x0000000011ccf630, RBP=0x00000000ef69da50, RSI=0x0000000054d07ce0, RDI=0x0000000054d07ce0
R8 =0x007fffffffb00000, R9 =0x0000000014603378, R10=0x000000000000000c, R11=0x000000005efd78a8
R12=0x00000000ef69da58, R13=0x0000000014603568, R14=0x0000000014603570, R15=0x00000000ef69da20
RIP=0x000000005eaf3098, EFLAGS=0x0000000000010246

Top of Stack: (sp=0x0000000011ccf630)
0x0000000011ccf630:   0000000014603378 00000000ef68824c
0x0000000011ccf640:   0000000000000007 000000005ebfb202
0x0000000011ccf650:   0000000000000000 0000000001d9d940
0x0000000011ccf660:   0000000001d9b170 0000000054d07ce0
0x0000000011ccf670:   000000000000035d 000000005edd2180
0x0000000011ccf680:   0000000055261b38 0000000011ccf799
0x0000000011ccf690:   0000000054d07ce0 000000005f02a448
0x0000000011ccf6a0:   0000000055260100 0000000011ccf799
0x0000000011ccf6b0:   0000000000000000 0000000000000004
0x0000000011ccf6c0:   0000000054d07ce0 000000005eaf17a2
0x0000000011ccf6d0:   00000000c024e910 0000000000000000
0x0000000011ccf6e0:   0000000000000000 0000000001d9b170
0x0000000011ccf6f0:   0000000001d9d950 0000000001d9d940
0x0000000011ccf700:   000000005f02a448 0000000054d07ce0
0x0000000011ccf710:   0000000000000000 0000000011ccf799
0x0000000011ccf720:   0000000054c95540 000000005edcf380 

Instructions: (pc=0x000000005eaf3098)
0x000000005eaf3078:   05 33 75 6f 00 49 c1 e8 03 49 d3 e8 41 0f b6 c0
0x000000005eaf3088:   49 c1 e8 06 24 3f 0f b6 d0 48 8b 05 48 75 6f 00
0x000000005eaf3098:   4a 8b 0c c0 48 0f a3 d1 0f 82 59 01 00 00 0f b6
0x000000005eaf30a8:   15 c4 d1 6e 00 84 d2 74 16 44 8b 43 08 8b 0d d5 


Register to memory mapping:

RAX=0x0000000012220000 is an unknown value
RBX=0x0000000020000000 is an unknown value
RCX=0x0000000000000000 is an unknown value
RDX=0x0000000000000000 is an unknown value
RSP=0x0000000011ccf630 is an unknown value
RBP=0x00000000ef69da50 is an oop

[error occurred during error reporting (printing register info), id 0xc0000005]

Stack: [0x0000000011bd0000,0x0000000011cd0000],  sp=0x0000000011ccf630,  free space=1021k
Native frames: (J=compiled Java code, j=interpreted, Vv=VM code, C=native code)
V  [jvm.dll+0x113098]
V  [jvm.dll+0x3f2180]
V  [jvm.dll+0x3ef380]
V  [jvm.dll+0x3ecfbe]
V  [jvm.dll+0x299f7a]
C  [msvcr100.dll+0x21d9f]
C  [msvcr100.dll+0x21e3b]
C  [kernel32.dll+0x159bd]
C  [ntdll.dll+0x2a2e1]


---------------  P R O C E S S  ---------------

Java Threads: ( => current thread )
  0x000000005bd0f800 JavaThread "File lock request listener" [_thread_in_native, id=3936, stack(0x000000005d570000,0x000000005d670000)]
  0x0000000057e2f000 JavaThread "Stdin handler" [_thread_blocked, id=3652, stack(0x00000000592f0000,0x00000000593f0000)]
  0x0000000057e16800 JavaThread "Daemon worker" [_thread_blocked, id=6764, stack(0x0000000059400000,0x0000000059500000)]
  0x0000000057f12000 JavaThread "Cancel handler" [_thread_blocked, id=6824, stack(0x00000000591c0000,0x00000000592c0000)]
  0x0000000057ee3000 JavaThread "Handler for socket connection from /127.0.0.1:51220 to /127.0.0.1:51221" [_thread_in_native, id=4108, stack(0x00000000578a0000,0x00000000579a0000)]
  0x0000000057eef800 JavaThread "Daemon" [_thread_blocked, id=2384, stack(0x0000000058f50000,0x0000000059050000)]
  0x0000000057629800 JavaThread "Incoming local TCP Connector on port 51220" [_thread_in_native, id=2576, stack(0x0000000058c00000,0x0000000058d00000)]
  0x000000005668c800 JavaThread "Service Thread" daemon [_thread_blocked, id=1060, stack(0x0000000056dd0000,0x0000000056ed0000)]
  0x0000000056611000 JavaThread "C1 CompilerThread2" daemon [_thread_blocked, id=7104, stack(0x0000000056b00000,0x0000000056c00000)]
  0x0000000054e19000 JavaThread "C2 CompilerThread1" daemon [_thread_blocked, id=2588, stack(0x0000000056410000,0x0000000056510000)]
  0x0000000054e14000 JavaThread "C2 CompilerThread0" daemon [_thread_blocked, id=3180, stack(0x0000000056510000,0x0000000056610000)]
  0x0000000054e0f800 JavaThread "Attach Listener" daemon [_thread_blocked, id=1160, stack(0x0000000056060000,0x0000000056160000)]
  0x0000000054e0e800 JavaThread "Signal Dispatcher" daemon [_thread_blocked, id=5780, stack(0x0000000056220000,0x0000000056320000)]
  0x0000000054db8000 JavaThread "Finalizer" daemon [_thread_blocked, id=4512, stack(0x0000000001e50000,0x0000000001f50000)]
  0x0000000054db1000 JavaThread "Reference Handler" daemon [_thread_blocked, id=3576, stack(0x0000000055e50000,0x0000000055f50000)]
  0x000000000028f000 JavaThread "main" [_thread_blocked, id=3916, stack(0x0000000002160000,0x0000000002260000)]

Other Threads:
  0x0000000054dab800 VMThread [stack: 0x0000000055d30000,0x0000000055e30000] [id=5172]
  0x00000000566b1000 WatcherThread [stack: 0x0000000056c00000,0x0000000056d00000] [id=1320]

=>0x0000000001d9d000 (exited) GCTaskThread [stack: 0x0000000011bd0000,0x0000000011cd0000] [id=1332]

VM state:at safepoint (normal execution)

VM Mutex/Monitor currently owned by a thread:  ([mutex/lock_event])
[0x000000000028d150] Threads_lock - owner thread: 0x0000000054dab800
[0x000000000028d650] Heap_lock - owner thread: 0x0000000057e16800

Heap:
 PSYoungGen      total 83968K, used 10726K [0x00000000eab00000, 0x00000000f2580000, 0x0000000100000000)
  eden space 73216K, 0% used [0x00000000eab00000,0x00000000eab00000,0x00000000ef280000)
  from space 10752K, 99% used [0x00000000ef280000,0x00000000efcf9aa8,0x00000000efd00000)
  to   space 12800K, 0% used [0x00000000f1900000,0x00000000f1900000,0x00000000f2580000)
 ParOldGen       total 63488K, used 12259K [0x00000000c0000000, 0x00000000c3e00000, 0x00000000eab00000)
  object space 63488K, 19% used [0x00000000c0000000,0x00000000c0bf8c38,0x00000000c3e00000)
 Metaspace       used 34707K, capacity 35314K, committed 35456K, reserved 1079296K
  class space    used 4708K, capacity 4895K, committed 4992K, reserved 1048576K

Card table byte_map: [0x00000000118f0000,0x0000000011b00000] byte_map_base: 0x00000000112f0000

Marking Bits: (ParMarkBitMap*) 0x000000005f1ea5b0
 Begin Bits: [0x0000000012220000, 0x0000000013220000)
 End Bits:   [0x0000000013220000, 0x0000000014220000)

Polling page: 0x0000000000210000

CodeCache: size=245760Kb used=14623Kb max_used=14651Kb free=231136Kb
 bounds [0x0000000002530000, 0x0000000003390000, 0x0000000011530000]
 total_blobs=4378 nmethods=3718 adapters=572
 compilation: enabled

Compilation events (10 events):
Event: 25.496 Thread 0x0000000054e14000 3937       4       java.util.Formatter::checkText (58 bytes)
Event: 25.501 Thread 0x0000000054e14000 nmethod 3937 0x00000000033891d0 code [0x0000000003389300, 0x00000000033894d8]
Event: 25.537 Thread 0x0000000054e14000 3938       4       java.util.zip.ZipEntry::setExtra0 (360 bytes)
Event: 25.556 Thread 0x0000000054e14000 nmethod 3938 0x0000000003386b50 code [0x0000000003386d80, 0x0000000003387508]
Event: 25.557 Thread 0x0000000054e14000 3940       4       java.util.Arrays::copyOf (19 bytes)
Event: 25.561 Thread 0x0000000054e14000 nmethod 3940 0x0000000003389790 code [0x00000000033898e0, 0x0000000003389ab8]
Event: 25.561 Thread 0x0000000054e14000 3939       4       java.util.regex.Pattern$Ctype::isSatisfiedBy (24 bytes)
Event: 25.562 Thread 0x0000000054e14000 nmethod 3939 0x0000000003386850 code [0x00000000033869a0, 0x0000000003386a58]
Event: 25.653 Thread 0x0000000056611000 3941       3       java.util.StringTokenizer::<init> (8 bytes)
Event: 25.653 Thread 0x0000000056611000 nmethod 3941 0x0000000003388e50 code [0x0000000003388fc0, 0x0000000003389148]

GC Heap History (10 events):
Event: 11.619 GC heap after
Heap after GC invocations=6 (full 1):
 PSYoungGen      total 38400K, used 3660K [0x00000000eab00000, 0x00000000ef400000, 0x0000000100000000)
  eden space 33280K, 0% used [0x00000000eab00000,0x00000000eab00000,0x00000000ecb80000)
  from space 5120K, 71% used [0x00000000ecb80000,0x00000000ecf132c8,0x00000000ed080000)
  to   space 11264K, 0% used [0x00000000ee900000,0x00000000ee900000,0x00000000ef400000)
 ParOldGen       total 63488K, used 9461K [0x00000000c0000000, 0x00000000c3e00000, 0x00000000eab00000)
  object space 63488K, 14% used [0x00000000c0000000,0x00000000c093d738,0x00000000c3e00000)
 Metaspace       used 23279K, capacity 23674K, committed 23936K, reserved 1069056K
  class space    used 3216K, capacity 3347K, committed 3456K, reserved 1048576K
}
Event: 13.693 GC heap before
{Heap before GC invocations=7 (full 1):
 PSYoungGen      total 38400K, used 36940K [0x00000000eab00000, 0x00000000ef400000, 0x0000000100000000)
  eden space 33280K, 100% used [0x00000000eab00000,0x00000000ecb80000,0x00000000ecb80000)
  from space 5120K, 71% used [0x00000000ecb80000,0x00000000ecf132c8,0x00000000ed080000)
  to   space 11264K, 0% used [0x00000000ee900000,0x00000000ee900000,0x00000000ef400000)
 ParOldGen       total 63488K, used 9461K [0x00000000c0000000, 0x00000000c3e00000, 0x00000000eab00000)
  object space 63488K, 14% used [0x00000000c0000000,0x00000000c093d738,0x00000000c3e00000)
 Metaspace       used 26598K, capacity 27090K, committed 27392K, reserved 1073152K
  class space    used 3621K, capacity 3735K, committed 3840K, reserved 1048576K
Event: 13.700 GC heap after
Heap after GC invocations=7 (full 1):
 PSYoungGen      total 59392K, used 4116K [0x00000000eab00000, 0x00000000ef200000, 0x0000000100000000)
  eden space 50176K, 0% used [0x00000000eab00000,0x00000000eab00000,0x00000000edc00000)
  from space 9216K, 44% used [0x00000000ee900000,0x00000000eed05100,0x00000000ef200000)
  to   space 11264K, 0% used [0x00000000edc00000,0x00000000edc00000,0x00000000ee700000)
 ParOldGen       total 63488K, used 9469K [0x00000000c0000000, 0x00000000c3e00000, 0x00000000eab00000)
  object space 63488K, 14% used [0x00000000c0000000,0x00000000c093f738,0x00000000c3e00000)
 Metaspace       used 26598K, capacity 27090K, committed 27392K, reserved 1073152K
  class space    used 3621K, capacity 3735K, committed 3840K, reserved 1048576K
}
Event: 22.455 GC heap before
{Heap before GC invocations=8 (full 1):
 PSYoungGen      total 59392K, used 54292K [0x00000000eab00000, 0x00000000ef200000, 0x0000000100000000)
  eden space 50176K, 100% used [0x00000000eab00000,0x00000000edc00000,0x00000000edc00000)
  from space 9216K, 44% used [0x00000000ee900000,0x00000000eed05100,0x00000000ef200000)
  to   space 11264K, 0% used [0x00000000edc00000,0x00000000edc00000,0x00000000ee700000)
 ParOldGen       total 63488K, used 9469K [0x00000000c0000000, 0x00000000c3e00000, 0x00000000eab00000)
  object space 63488K, 14% used [0x00000000c0000000,0x00000000c093f738,0x00000000c3e00000)
 Metaspace       used 28023K, capacity 28486K, committed 28800K, reserved 1075200K
  class space    used 3762K, capacity 3883K, committed 3968K, reserved 1048576K
Event: 22.491 GC heap after
Heap after GC invocations=8 (full 1):
 PSYoungGen      total 61440K, used 5247K [0x00000000eab00000, 0x00000000f0780000, 0x0000000100000000)
  eden space 50176K, 0% used [0x00000000eab00000,0x00000000eab00000,0x00000000edc00000)
  from space 11264K, 46% used [0x00000000edc00000,0x00000000ee11ff78,0x00000000ee700000)
  to   space 10752K, 0% used [0x00000000efd00000,0x00000000efd00000,0x00000000f0780000)
 ParOldGen       total 63488K, used 9541K [0x00000000c0000000, 0x00000000c3e00000, 0x00000000eab00000)
  object space 63488K, 15% used [0x00000000c0000000,0x00000000c0951748,0x00000000c3e00000)
 Metaspace       used 28023K, capacity 28486K, committed 28800K, reserved 1075200K
  class space    used 3762K, capacity 3883K, committed 3968K, reserved 1048576K
}
Event: 23.928 GC heap before
{Heap before GC invocations=9 (full 1):
 PSYoungGen      total 61440K, used 55423K [0x00000000eab00000, 0x00000000f0780000, 0x0000000100000000)
  eden space 50176K, 100% used [0x00000000eab00000,0x00000000edc00000,0x00000000edc00000)
  from space 11264K, 46% used [0x00000000edc00000,0x00000000ee11ff78,0x00000000ee700000)
  to   space 10752K, 0% used [0x00000000efd00000,0x00000000efd00000,0x00000000f0780000)
 ParOldGen       total 63488K, used 9541K [0x00000000c0000000, 0x00000000c3e00000, 0x00000000eab00000)
  object space 63488K, 15% used [0x00000000c0000000,0x00000000c0951748,0x00000000c3e00000)
 Metaspace       used 30409K, capacity 30960K, committed 31232K, reserved 1077248K
  class space    used 4094K, capacity 4240K, committed 4352K, reserved 1048576K
Event: 23.971 GC heap after
Heap after GC invocations=9 (full 1):
 PSYoungGen      total 83968K, used 6634K [0x00000000eab00000, 0x00000000f0c00000, 0x0000000100000000)
  eden space 73216K, 0% used [0x00000000eab00000,0x00000000eab00000,0x00000000ef280000)
  from space 10752K, 61% used [0x00000000efd00000,0x00000000f037a810,0x00000000f0780000)
  to   space 10752K, 0% used [0x00000000ef280000,0x00000000ef280000,0x00000000efd00000)
 ParOldGen       total 63488K, used 9541K [0x00000000c0000000, 0x00000000c3e00000, 0x00000000eab00000)
  object space 63488K, 15% used [0x00000000c0000000,0x00000000c0951748,0x00000000c3e00000)
 Metaspace       used 30409K, capacity 30960K, committed 31232K, reserved 1077248K
  class space    used 4094K, capacity 4240K, committed 4352K, reserved 1048576K
}
Event: 25.684 GC heap before
{Heap before GC invocations=10 (full 1):
 PSYoungGen      total 83968K, used 71577K [0x00000000eab00000, 0x00000000f0c00000, 0x0000000100000000)
  eden space 73216K, 88% used [0x00000000eab00000,0x00000000eea6bd38,0x00000000ef280000)
  from space 10752K, 61% used [0x00000000efd00000,0x00000000f037a810,0x00000000f0780000)
  to   space 10752K, 0% used [0x00000000ef280000,0x00000000ef280000,0x00000000efd00000)
 ParOldGen       total 63488K, used 9541K [0x00000000c0000000, 0x00000000c3e00000, 0x00000000eab00000)
  object space 63488K, 15% used [0x00000000c0000000,0x00000000c0951748,0x00000000c3e00000)
 Metaspace       used 34707K, capacity 35314K, committed 35456K, reserved 1079296K
  class space    used 4708K, capacity 4895K, committed 4992K, reserved 1048576K
Event: 25.738 GC heap after
Heap after GC invocations=10 (full 1):
 PSYoungGen      total 83968K, used 10726K [0x00000000eab00000, 0x00000000f2580000, 0x0000000100000000)
  eden space 73216K, 0% used [0x00000000eab00000,0x00000000eab00000,0x00000000ef280000)
  from space 10752K, 99% used [0x00000000ef280000,0x00000000efcf9aa8,0x00000000efd00000)
  to   space 12800K, 0% used [0x00000000f1900000,0x00000000f1900000,0x00000000f2580000)
 ParOldGen       total 63488K, used 12259K [0x00000000c0000000, 0x00000000c3e00000, 0x00000000eab00000)
  object space 63488K, 19% used [0x00000000c0000000,0x00000000c0bf8c38,0x00000000c3e00000)
 Metaspace       used 34707K, capacity 35314K, committed 35456K, reserved 1079296K
  class space    used 4708K, capacity 4895K, committed 4992K, reserved 1048576K
}
Event: 25.738 GC heap before
{Heap before GC invocations=11 (full 2):
 PSYoungGen      total 83968K, used 10726K [0x00000000eab00000, 0x00000000f2580000, 0x0000000100000000)
  eden space 73216K, 0% used [0x00000000eab00000,0x00000000eab00000,0x00000000ef280000)
  from space 10752K, 99% used [0x00000000ef280000,0x00000000efcf9aa8,0x00000000efd00000)
  to   space 12800K, 0% used [0x00000000f1900000,0x00000000f1900000,0x00000000f2580000)
 ParOldGen       total 63488K, used 12259K [0x00000000c0000000, 0x00000000c3e00000, 0x00000000eab00000)
  object space 63488K, 19% used [0x00000000c0000000,0x00000000c0bf8c38,0x00000000c3e00000)
 Metaspace       used 34707K, capacity 35314K, committed 35456K, reserved 1079296K
  class space    used 4708K, capacity 4895K, committed 4992K, reserved 1048576K

Deoptimization events (10 events):
Event: 22.362 Thread 0x0000000057e16800 Uncommon trap: reason=bimorphic action=maybe_recompile pc=0x0000000002cc8d08 method=java.lang.ClassLoader.getPackage(Ljava/lang/String;)Ljava/lang/Package; @ 47
Event: 22.736 Thread 0x0000000057e16800 Uncommon trap: reason=unstable_if action=reinterpret pc=0x0000000002d6f990 method=java.util.Properties$LineReader.readLine()I @ 37
Event: 22.737 Thread 0x0000000057e16800 Uncommon trap: reason=unstable_if action=reinterpret pc=0x0000000002a073fc method=java.util.Properties$LineReader.readLine()I @ 105
Event: 22.968 Thread 0x0000000057e16800 Uncommon trap: reason=unstable_if action=reinterpret pc=0x0000000002d5ecf8 method=org.objectweb.asm.ByteVector.putShort(I)Lorg/objectweb/asm/ByteVector; @ 13
Event: 23.577 Thread 0x0000000057e16800 Uncommon trap: reason=unstable_if action=reinterpret pc=0x00000000031b78a8 method=java.lang.reflect.Modifier.toString(I)Ljava/lang/String; @ 123
Event: 23.577 Thread 0x0000000057e16800 Uncommon trap: reason=unstable_if action=reinterpret pc=0x00000000031936a4 method=java.lang.reflect.Modifier.toString(I)Ljava/lang/String; @ 123
Event: 24.549 Thread 0x0000000057e16800 Uncommon trap: reason=unstable_if action=reinterpret pc=0x0000000002c9d0fc method=java.lang.ThreadLocal.get()Ljava/lang/Object; @ 11
Event: 24.603 Thread 0x0000000057e16800 Uncommon trap: reason=unstable_if action=reinterpret pc=0x0000000002a0c6ac method=java.lang.CharacterDataLatin1.isWhitespace(I)Z @ 14
Event: 24.670 Thread 0x0000000057e16800 Uncommon trap: reason=unstable_if action=reinterpret pc=0x000000000263281c method=java.security.CodeSource.getCertificates()[Ljava/security/cert/Certificate; @ 22
Event: 24.707 Thread 0x0000000057e16800 Uncommon trap: reason=unstable_if action=reinterpret pc=0x00000000030a8230 method=java.util.LinkedHashMap.get(Ljava/lang/Object;)Ljava/lang/Object; @ 20

Internal exceptions (10 events):
Event: 25.375 Thread 0x0000000057e16800 Exception <a 'java/lang/ClassNotFoundException': org/gradle/api/file/FileTreeBeanInfo> (0x00000000ee0316e0) thrown at [C:\workspace\8-2-build-windows-amd64-cygwin\jdk8u65\4987\hotspot\src\share\vm\classfile\systemDictionary.cpp, line 210]
Event: 25.376 Thread 0x0000000057e16800 Exception <a 'java/lang/ClassNotFoundException': org/gradle/api/file/FileTreeCustomizer> (0x00000000ee050a00) thrown at [C:\workspace\8-2-build-windows-amd64-cygwin\jdk8u65\4987\hotspot\src\share\vm\classfile\systemDictionary.cpp, line 210]
Event: 25.378 Thread 0x0000000057e16800 Exception <a 'java/lang/ClassNotFoundException': org/gradle/api/file/ConfigurableFileTreeBeanInfo> (0x00000000ee087838) thrown at [C:\workspace\8-2-build-windows-amd64-cygwin\jdk8u65\4987\hotspot\src\share\vm\classfile\systemDictionary.cpp, line 210]
Event: 25.380 Thread 0x0000000057e16800 Exception <a 'java/lang/ClassNotFoundException': org/gradle/api/file/ConfigurableFileTreeCustomizer> (0x00000000ee0aada0) thrown at [C:\workspace\8-2-build-windows-amd64-cygwin\jdk8u65\4987\hotspot\src\share\vm\classfile\systemDictionary.cpp, line 210]
Event: 25.382 Thread 0x0000000057e16800 Exception <a 'java/lang/ClassNotFoundException': org/gradle/api/file/DirectoryTreeBeanInfo> (0x00000000ee0de4c8) thrown at [C:\workspace\8-2-build-windows-amd64-cygwin\jdk8u65\4987\hotspot\src\share\vm\classfile\systemDictionary.cpp, line 210]
Event: 25.383 Thread 0x0000000057e16800 Exception <a 'java/lang/ClassNotFoundException': org/gradle/api/file/DirectoryTreeCustomizer> (0x00000000ee100058) thrown at [C:\workspace\8-2-build-windows-amd64-cygwin\jdk8u65\4987\hotspot\src\share\vm\classfile\systemDictionary.cpp, line 210]
Event: 25.385 Thread 0x0000000057e16800 Exception <a 'java/lang/ClassNotFoundException': org/gradle/api/tasks/util/PatternFilterableBeanInfo> (0x00000000ee133e60) thrown at [C:\workspace\8-2-build-windows-amd64-cygwin\jdk8u65\4987\hotspot\src\share\vm\classfile\systemDictionary.cpp, line 210]
Event: 25.386 Thread 0x0000000057e16800 Exception <a 'java/lang/ClassNotFoundException': org/gradle/api/tasks/util/PatternFilterableCustomizer> (0x00000000ee159938) thrown at [C:\workspace\8-2-build-windows-amd64-cygwin\jdk8u65\4987\hotspot\src\share\vm\classfile\systemDictionary.cpp, line 210]
Event: 25.650 Thread 0x0000000057e16800 Exception <a 'java/lang/ClassNotFoundException': com/sun/org/glassfish/hk2/osgiresourcelocator/ServiceLoader> (0x00000000ee8e0910) thrown at [C:\workspace\8-2-build-windows-amd64-cygwin\jdk8u65\4987\hotspot\src\share\vm\classfile\systemDictionary.cpp, line²H§ù©9@
Event: 25.660 Thread 0x0000000057e16800 Exception <a 'java/lang/NullPointerException'> (0x00000000ee9149d0) thrown at [C:\workspace\8-2-build-windows-amd64-cygwin\jdk8u65\4987\hotspot\src\share\vm\interpreter\linkResolver.cpp, line 1280]

Events (10 events):
Event: 25.682 loading class com/sun/xml/internal/bind/v2/model/annotation/MethodLocatable
Event: 25.682 loading class com/sun/xml/internal/bind/v2/model/annotation/MethodLocatable done
Event: 25.683 loading class com/sun/xml/internal/bind/v2/model/annotation/ClassLocatable
Event: 25.683 loading class com/sun/xml/internal/bind/v2/model/annotation/ClassLocatable done
Event: 25.684 loading class javax/xml/bind/annotation/XmlSeeAlso
Event: 25.684 loading class javax/xml/bind/annotation/XmlSeeAlso done
Event: 25.684 loading class javax/xml/bind/annotation/XmlAccessorType
Event: 25.684 loading class javax/xml/bind/annotation/XmlAccessorType done
Event: 25.684 loading class javax/xml/bind/annotation/XmlAccessType
Event: 25.684 Executing VM operation: CollectForMetadataAllocation


Dynamic libraries:
0x000000013f2a0000 - 0x000000013f2d7000 	C:\Program Files\Java\jdk1.8.0_65\bin\java.exe
0x0000000077690000 - 0x000000007783a000 	C:\Windows\SYSTEM32\ntdll.dll
0x0000000077570000 - 0x000000007768f000 	C:\Windows\system32\kernel32.dll
0x000007fefd430000 - 0x000007fefd49a000 	C:\Windows\system32\KERNELBASE.dll
0x000007fefdc70000 - 0x000007fefdd4b000 	C:\Windows\system32\ADVAPI32.dll
0x000007fefdb50000 - 0x000007fefdbef000 	C:\Windows\system32\msvcrt.dll
0x000007fefe020000 - 0x000007fefe03f000 	C:\Windows\SYSTEM32\sechost.dll
0x000007feff030000 - 0x000007feff15d000 	C:\Windows\system32\RPCRT4.dll
0x0000000077470000 - 0x000000007756a000 	C:\Windows\system32\USER32.dll
0x000007feff4f0000 - 0x000007feff557000 	C:\Windows\system32\GDI32.dll
0x000007fefda30000 - 0x000007fefda3e000 	C:\Windows\system32\LPK.dll
0x000007fefd7e0000 - 0x000007fefd8aa000 	C:\Windows\system32\USP10.dll
0x000007fefbdd0000 - 0x000007fefbfc4000 	C:\Windows\WinSxS\amd64_microsoft.windows.common-controls_6595b64144ccf1df_6.0.7601.18837_none_fa3b1e3d17594757\COMCTL32.dll
0x000007fefd8b0000 - 0x000007fefd921000 	C:\Windows\system32\SHLWAPI.dll
0x000007fefe0e0000 - 0x000007fefe10e000 	C:\Windows\system32\IMM32.DLL
0x000007fefda40000 - 0x000007fefdb49000 	C:\Windows\system32\MSCTF.dll
0x0000000064a50000 - 0x0000000064b22000 	C:\Program Files\Java\jdk1.8.0_65\jre\bin\msvcr100.dll
0x000000005e9e0000 - 0x000000005f269000 	C:\Program Files\Java\jdk1.8.0_65\jre\bin\server\jvm.dll
0x000007fef8af0000 - 0x000007fef8af9000 	C:\Windows\system32\WSOCK32.dll
0x000007feff560000 - 0x000007feff5ad000 	C:\Windows\system32\WS2_32.dll
0x000007fefd7d0000 - 0x000007fefd7d8000 	C:\Windows\system32\NSI.dll
0x000007fefaf80000 - 0x000007fefafbb000 	C:\Windows\system32\WINMM.dll
0x000007fefc490000 - 0x000007fefc49c000 	C:\Windows\system32\VERSION.dll
0x0000000077860000 - 0x0000000077867000 	C:\Windows\system32\PSAPI.DLL
0x0000000073620000 - 0x000000007362f000 	C:\Program Files\Java\jdk1.8.0_65\jre\bin\verify.dll
0x00000000735f0000 - 0x0000000073619000 	C:\Program Files\Java\jdk1.8.0_65\jre\bin\java.dll
0x00000000735d0000 - 0x00000000735e6000 	C:\Program Files\Java\jdk1.8.0_65\jre\bin\zip.dll
0x000007fefe2a0000 - 0x000007feff02a000 	C:\Windows\system32\SHELL32.dll
0x000007feff790000 - 0x000007feff993000 	C:\Windows\system32\ole32.dll
0x000007fefd410000 - 0x000007fefd41f000 	C:\Windows\system32\profapi.dll
0x00000000735b0000 - 0x00000000735ca000 	C:\Program Files\Java\jdk1.8.0_65\jre\bin\net.dll
0x000007fefcbf0000 - 0x000007fefcc45000 	C:\Windows\system32\mswsock.dll
0x000007fefcbe0000 - 0x000007fefcbe7000 	C:\Windows\System32\wship6.dll
0x0000000073590000 - 0x00000000735a1000 	C:\Program Files\Java\jdk1.8.0_65\jre\bin\nio.dll
0x000007feef2a0000 - 0x000007feef2b2000 	C:\Users\Smlc\.gradle\native\19\windows-amd64\native-platform.dll
0x000007fef9ef0000 - 0x000007fef9f17000 	C:\Windows\system32\IPHLPAPI.DLL
0x000007fef9ee0000 - 0x000007fef9eeb000 	C:\Windows\system32\WINNSI.DLL
0x000007fef9b50000 - 0x000007fef9b68000 	C:\Windows\system32\dhcpcsvc.DLL
0x000007fef9ac0000 - 0x000007fef9ad1000 	C:\Windows\system32\dhcpcsvc6.DLL
0x000007fefcc50000 - 0x000007fefcc68000 	C:\Windows\system32\CRYPTSP.dll
0x000007fefc950000 - 0x000007fefc997000 	C:\Windows\system32\rsaenh.dll
0x000007fefd570000 - 0x000007fefd58e000 	C:\Windows\system32\USERENV.dll
0x000007fefd2b0000 - 0x000007fefd2bf000 	C:\Windows\system32\CRYPTBASE.dll
0x000007fefd250000 - 0x000007fefd2a7000 	C:\Windows\system32\apphelp.dll
0x0000000073780000 - 0x000000007378d000 	C:\Program Files\Java\jdk1.8.0_65\jre\bin\management.dll
0x000007feeb6f0000 - 0x000007feeb815000 	C:\Windows\system32\dbghelp.dll

VM Arguments:
jvm_args: -XX:MaxPermSize=256m -XX:+HeapDumpOnOutOfMemoryError -Xmx1024m -Dfile.encoding=windows-1252 -Duser.country=FR -Duser.language=fr -Duser.variant 
java_command: org.gradle.launcher.daemon.bootstrap.GradleDaemon 2.10
java_class_path (initial): C:\Program Files\Android\Android Studio\gradle\gradle-2.10\lib\gradle-launcher-2.10.jar
Launcher Type: SUN_STANDARD

Environment Variables:
JAVA_HOME=C:\Program Files\Java\jdk1.8.0_65
PATH=C:\ProgramData\Oracle\Java\javapath;C:\Program Files (x86)\NVIDIA Corporation\PhysX\Common;C:\Program Files\Common Files\Microsoft Shared\Windows Live;C:\Program Files (x86)\Common Files\Microsoft Shared\Windows Live;C:\Windows\system32;C:\Windows;C:\Windows\System32\Wbem;C:\Windows\System32\WindowsPowerShell\v1.0\;C:\Program Files (x86)\Sony\VAIO Startup Setting Tool;C:\Program Files (x86)\Windows Live\Shared;C:\MinGW\bin;C:\Program Files (x86)\MiKTeX 2.9\miktex\bin\;C:\Program Files (x86)\Skype\Phone\;C:\Program Files\Git\cmd
USERNAME=Smlc
OS=Windows_NT
PROCESSOR_IDENTIFIER=Intel64 Family 6 Model 42 Stepping 7, GenuineIntel



---------------  S Y S T E M  ---------------

OS: Windows 7 , 64 bit Build 7601 (6.1.7601.23392)

CPU:total 4 (2 cores per cpu, 2 threads per core) family 6 model 42 stepping 7, cmov, cx8, fxsr, mmx, sse, sse2, sse3, ssse3, sse4.1, sse4.2, popcnt, avx, clmul, ht, tsc, tscinvbit

Memory: 4k page, physical 8370032k(2936912k free), swap 16738208k(10061968k free)

vm_info: Java HotSpot(TM) 64-Bit Server VM (25.65-b01) for windows-amd64 JRE (1.8.0_65-b17), built on Oct  6 2015 16:39:20 by "java_re" with MS VC++ 10.0 (VS2010)

time: Thu May 12 11:47:03 2016
elapsed time: 25 seconds (0d 0h 0m 25s)

