#
# A fatal error has been detected by the Java Runtime Environment:
#
#  EXCEPTION_ACCESS_VIOLATION (0xc0000005) at pc=0x000000005e68aa80, pid=4256, tid=7656
#
# JRE version: Java(TM) SE Runtime Environment (8.0_65-b17) (build 1.8.0_65-b17)
# Java VM: Java HotSpot(TM) 64-Bit Server VM (25.65-b01 mixed mode windows-amd64 compressed oops)
# Problematic frame:
# V  [jvm.dll+0x49aa80]
#
# Failed to write core dump. Minidumps are not enabled by default on client versions of Windows
#
# If you would like to submit a bug report, please visit:
#   http://bugreport.java.com/bugreport/crash.jsp
#

---------------  T H R E A D  ---------------

Current thread (0x0000000054cbb000):  JavaThread "C2 CompilerThread1" daemon [_thread_in_native, id=7656, stack(0x00000000566f0000,0x00000000567f0000)]

siginfo: ExceptionCode=0xc0000005, reading address 0x000000007e9face8

Registers:
RAX=0x0000000000000000, RBX=0x00000000590fdab0, RCX=0x000000007e9face8, RDX=0x0000000000000000
RSP=0x00000000567ec1e0, RBP=0x000000000000001a, RSI=0x00000000000000d0, RDI=0x00000000567ec230
R8 =0x0000000001000000, R9 =0x000000005989d440, R10=0x000000005e1f0000, R11=0x00000000567ec100
R12=0x000000005e9face8, R13=0x000000005e1f0000, R14=0x000000005681cdf8, R15=0x00000000000003d8
RIP=0x000000005e68aa80, EFLAGS=0x0000000000010246

Top of Stack: (sp=0x00000000567ec1e0)
0x00000000567ec1e0:   00000000567ee980 00000000590fcf70
0x00000000567ec1f0:   fffffffffffffff8 0000000054cb5e00
0x00000000567ec200:   00000000000012f8 000000005e685b4f
0x00000000567ec210:   00000000590fd8d0 00000000590fdab0
0x00000000567ec220:   00000000000012f8 00000000567ec310
0x00000000567ec230:   000012fc00000000 0000000000000008
0x00000000567ec240:   000000007e9face8 0000000000000013
0x00000000567ec250:   0000000058dc5980 000000000000003b
0x00000000567ec260:   00000000590fdb50 00000000567ec600
0x00000000567ec270:   000000005681ca20 00000000567ec600
0x00000000567ec280:   000000005681ca10 000000005e652681
0x00000000567ec290:   0000000000000000 00000000567ec390
0x00000000567ec2a0:   0000000000000000 000000000000000b
0x00000000567ec2b0:   0000000000000002 000000005681ca10
0x00000000567ec2c0:   00000000598b0950 00000000598b3600
0x00000000567ec2d0:   00000000598b8938 00000000010ec3e0 

Instructions: (pc=0x000000005e68aa80)
0x000000005e68aa60:   48 8b 4f 20 48 39 04 0e 0f 84 9d 00 00 00 48 8b
0x000000005e68aa70:   0c 0e 33 d2 33 c0 48 89 4f 10 66 0f 1f 44 00 00
0x000000005e68aa80:   83 3c 08 00 0f 85 36 01 00 00 ff c2 48 83 c0 04
0x000000005e68aa90:   83 fa 08 72 eb 48 8b 47 30 48 89 44 24 30 48 85 


Register to memory mapping:

RAX=0x0000000000000000 is an unknown value
RBX=0x00000000590fdab0 is an unknown value
RCX=0x000000007e9face8 is an unknown value
RDX=0x0000000000000000 is an unknown value
RSP=0x00000000567ec1e0 is pointing into the stack for thread: 0x0000000054cbb000
RBP=0x000000000000001a is an unknown value
RSI=0x00000000000000d0 is an unknown value
RDI=0x00000000567ec230 is pointing into the stack for thread: 0x0000000054cbb000
R8 =0x0000000001000000 is an unknown value
R9 =0x000000005989d440 is an unknown value
R10=0x000000005e1f0000 is an unknown value
R11=0x00000000567ec100 is pointing into the stack for thread: 0x0000000054cbb000
R12=0x000000005e9face8 is an unknown value
R13=0x000000005e1f0000 is an unknown value
R14=0x000000005681cdf8 is an unknown value
R15=0x00000000000003d8 is an unknown value


Stack: [0x00000000566f0000,0x00000000567f0000],  sp=0x00000000567ec1e0,  free space=1008k
Native frames: (J=compiled Java code, j=interpreted, Vv=VM code, C=native code)
V  [jvm.dll+0x49aa80]
V  [jvm.dll+0x495b4f]
V  [jvm.dll+0x462681]
V  [jvm.dll+0x46d52b]
V  [jvm.dll+0x46fb42]
V  [jvm.dll+0x452cc2]
V  [jvm.dll+0xa4672]
V  [jvm.dll+0xa4faf]
V  [jvm.dll+0x243144]
V  [jvm.dll+0x299f7a]
C  [msvcr100.dll+0x21d9f]
C  [msvcr100.dll+0x21e3b]
C  [kernel32.dll+0x159bd]
C  [ntdll.dll+0x2a2e1]


Current CompileTask:
C2:   7732 1408   !   4       com.android.dx.cf.cst.ConstantPoolParser::parse0 (731 bytes)


---------------  P R O C E S S  ---------------

Java Threads: ( => current thread )
  0x0000000056af1000 JavaThread "pool-2-thread-4" [_thread_in_Java, id=9984, stack(0x0000000057f70000,0x0000000058070000)]
  0x0000000056a5f000 JavaThread "pool-2-thread-3" [_thread_blocked, id=8180, stack(0x0000000057cb0000,0x0000000057db0000)]
  0x0000000056a94800 JavaThread "pool-2-thread-2" [_thread_blocked, id=9480, stack(0x0000000057a90000,0x0000000057b90000)]
  0x0000000056a94000 JavaThread "pool-3-thread-1" [_thread_blocked, id=3836, stack(0x00000000578a0000,0x00000000579a0000)]
  0x0000000056a92000 JavaThread "pool-2-thread-1" [_thread_blocked, id=9552, stack(0x0000000056c50000,0x0000000056d50000)]
  0x0000000054cbd800 JavaThread "Service Thread" daemon [_thread_blocked, id=4600, stack(0x0000000056dc0000,0x0000000056ec0000)]
  0x0000000054cbc000 JavaThread "C1 CompilerThread2" daemon [_thread_blocked, id=6928, stack(0x0000000056590000,0x0000000056690000)]
=>0x0000000054cbb000 JavaThread "C2 CompilerThread1" daemon [_thread_in_native, id=7656, stack(0x00000000566f0000,0x00000000567f0000)]
  0x0000000054cb7000 JavaThread "C2 CompilerThread0" daemon [_thread_in_native, id=3144, stack(0x0000000055fd0000,0x00000000560d0000)]
  0x0000000054cb2800 JavaThread "Attach Listener" daemon [_thread_blocked, id=6244, stack(0x0000000056460000,0x0000000056560000)]
  0x0000000054caa800 JavaThread "Signal Dispatcher" daemon [_thread_blocked, id=2268, stack(0x00000000562c0000,0x00000000563c0000)]
  0x0000000054c50800 JavaThread "Finalizer" daemon [_thread_blocked, id=9460, stack(0x0000000056160000,0x0000000056260000)]
  0x0000000054c4f800 JavaThread "Reference Handler" daemon [_thread_blocked, id=9612, stack(0x0000000055d00000,0x0000000055e00000)]
  0x0000000001f0e800 JavaThread "main" [_thread_blocked, id=2280, stack(0x0000000001f20000,0x0000000002020000)]

Other Threads:
  0x0000000054c4a000 VMThread [stack: 0x0000000055e80000,0x0000000055f80000] [id=8340]
  0x0000000056863000 WatcherThread [stack: 0x0000000056f20000,0x0000000057020000] [id=9744]

VM state:not at safepoint (normal execution)

VM Mutex/Monitor currently owned by a thread: None

Heap:
 PSYoungGen      total 71680K, used 29411K [0x00000000eab00000, 0x00000000ef600000, 0x0000000100000000)
  eden space 66560K, 36% used [0x00000000eab00000,0x00000000ec2bb178,0x00000000eec00000)
  from space 5120K, 99% used [0x00000000ef100000,0x00000000ef5fde20,0x00000000ef600000)
  to   space 5120K, 0% used [0x00000000eec00000,0x00000000eec00000,0x00000000ef100000)
 ParOldGen       total 87552K, used 2977K [0x00000000c0000000, 0x00000000c5580000, 0x00000000eab00000)
  object space 87552K, 3% used [0x00000000c0000000,0x00000000c02e8428,0x00000000c5580000)
 Metaspace       used 6124K, capacity 7024K, committed 7296K, reserved 1056768K
  class space    used 601K, capacity 616K, committed 640K, reserved 1048576K

Card table byte_map: [0x0000000011800000,0x0000000011a10000] byte_map_base: 0x0000000011200000

Marking Bits: (ParMarkBitMap*) 0x000000005e9fa5b0
 Begin Bits: [0x00000000120c0000, 0x00000000130c0000)
 End Bits:   [0x00000000130c0000, 0x00000000140c0000)

Polling page: 0x0000000000210000

CodeCache: size=245760Kb used=5888Kb max_used=5888Kb free=239872Kb
 bounds [0x0000000002440000, 0x0000000002a10000, 0x0000000011440000]
 total_blobs=1709 nmethods=1440 adapters=182
 compilation: enabled

Compilation events (10 events):
Event: 7.626 Thread 0x0000000054cbc000 1459       2       com.android.dx.rop.code.RegisterSpec::getFrameType (10 bytes)
Event: 7.626 Thread 0x0000000054cbc000 nmethod 1459 0x0000000002a01910 code [0x0000000002a01a80, 0x0000000002a01c08]
Event: 7.632 Thread 0x0000000054cbc000 1461       2       com.android.dx.util.Hex::u2 (44 bytes)
Event: 7.632 Thread 0x0000000054cbc000 nmethod 1461 0x0000000002a01c90 code [0x0000000002a01e20, 0x0000000002a02278]
Event: 7.632 Thread 0x0000000054cbc000 1462   !   2       com.android.dx.cf.code.Merger::mergeStack (192 bytes)
Event: 7.636 Thread 0x0000000054cbc000 nmethod 1462 0x0000000002a02450 code [0x0000000002a02700, 0x0000000002a03118]
Event: 7.636 Thread 0x0000000054cbc000 1463       2       com.android.dx.cf.code.Frame::mergeSubroutineLists (90 bytes)
Event: 7.637 Thread 0x0000000054cbc000 nmethod 1463 0x0000000002a03c90 code [0x0000000002a03e40, 0x0000000002a04188]
Event: 7.637 Thread 0x0000000054cbc000 1460       2       java.lang.String::<init> (15 bytes)
Event: 7.638 Thread 0x0000000054cbc000 nmethod 1460 0x0000000002a04410 code [0x0000000002a04580, 0x0000000002a04808]

GC Heap History (4 events):
Event: 3.618 GC heap before
{Heap before GC invocations=1 (full 0):
 PSYoungGen      total 38400K, used 33280K [0x00000000eab00000, 0x00000000ed580000, 0x0000000100000000)
  eden space 33280K, 100% used [0x00000000eab00000,0x00000000ecb80000,0x00000000ecb80000)
  from space 5120K, 0% used [0x00000000ed080000,0x00000000ed080000,0x00000000ed580000)
  to   space 5120K, 0% used [0x00000000ecb80000,0x00000000ecb80000,0x00000000ed080000)
 ParOldGen       total 87552K, used 0K [0x00000000c0000000, 0x00000000c5580000, 0x00000000eab00000)
  object space 87552K, 0% used [0x00000000c0000000,0x00000000c0000000,0x00000000c5580000)
 Metaspace       used 5905K, capacity 6832K, committed 7040K, reserved 1056768K
  class space    used 600K, capacity 616K, committed 640K, reserved 1048576K
Event: 4.176 GC heap after
Heap after GC invocations=1 (full 0):
 PSYoungGen      total 38400K, used 5096K [0x00000000eab00000, 0x00000000ef600000, 0x0000000100000000)
  eden space 33280K, 0% used [0x00000000eab00000,0x00000000eab00000,0x00000000ecb80000)
  from space 5120K, 99% used [0x00000000ecb80000,0x00000000ed07a230,0x00000000ed080000)
  to   space 5120K, 0% used [0x00000000ef100000,0x00000000ef100000,0x00000000ef600000)
 ParOldGen       total 87552K, used 76K [0x00000000c0000000, 0x00000000c5580000, 0x00000000eab00000)
  object space 87552K, 0% used [0x00000000c0000000,0x00000000c0013100,0x00000000c5580000)
 Metaspace       used 5905K, capacity 6832K, committed 7040K, reserved 1056768K
  class space    used 600K, capacity 616K, committed 640K, reserved 1048576K
}
Event: 4.932 GC heap before
{Heap before GC invocations=2 (full 0):
 PSYoungGen      total 38400K, used 38376K [0x00000000eab00000, 0x00000000ef600000, 0x0000000100000000)
  eden space 33280K, 100% used [0x00000000eab00000,0x00000000ecb80000,0x00000000ecb80000)
  from space 5120K, 99% used [0x00000000ecb80000,0x00000000ed07a230,0x00000000ed080000)
  to   space 5120K, 0% used [0x00000000ef100000,0x00000000ef100000,0x00000000ef600000)
 ParOldGen       total 87552K, used 76K [0x00000000c0000000, 0x00000000c5580000, 0x00000000eab00000)
  object space 87552K, 0% used [0x00000000c0000000,0x00000000c0013100,0x00000000c5580000)
 Metaspace       used 6096K, capacity 7024K, committed 7296K, reserved 1056768K
  class space    used 601K, capacity 616K, committed 640K, reserved 1048576K
Event: 5.743 GC heap after
Heap after GC invocations=2 (full 0):
 PSYoungGen      total 71680K, used 5111K [0x00000000eab00000, 0x00000000ef600000, 0x0000000100000000)
  eden space 66560K, 0% used [0x00000000eab00000,0x00000000eab00000,0x00000000eec00000)
  from space 5120K, 99% used [0x00000000ef100000,0x00000000ef5fde20,0x00000000ef600000)
  to   space 5120K, 0% used [0x00000000eec00000,0x00000000eec00000,0x00000000ef100000)
 ParOldGen       total 87552K, used 2977K [0x00000000c0000000, 0x00000000c5580000, 0x00000000eab00000)
  object space 87552K, 3% used [0x00000000c0000000,0x00000000c02e8428,0x00000000c5580000)
 Metaspace       used 6096K, capacity 7024K, committed 7296K, reserved 1056768K
  class space    used 601K, capacity 616K, committed 640K, reserved 1048576K
}

Deoptimization events (10 events):
Event: 2.124 Thread 0x0000000001f0e800 Uncommon trap: reason=unstable_if action=reinterpret pc=0x000000000259b404 method=java.lang.String.compareTo(Ljava/lang/String;)I @ 38
Event: 2.743 Thread 0x0000000056a5f000 Uncommon trap: reason=unstable_if action=reinterpret pc=0x00000000026576ec method=java.util.HashMap.getNode(ILjava/lang/Object;)Ljava/util/HashMap$Node; @ 62
Event: 3.489 Thread 0x0000000056a92000 Uncommon trap: reason=unstable_if action=reinterpret pc=0x000000000267b260 method=java.util.BitSet.nextSetBit(I)I @ 87
Event: 4.484 Thread 0x0000000056af1000 Uncommon trap: reason=class_check action=maybe_recompile pc=0x0000000002790d10 method=com.android.dx.rop.type.Type.equals(Ljava/lang/Object;)Z @ 8
Event: 4.485 Thread 0x0000000056af1000 Uncommon trap: reason=null_check action=make_not_entrant pc=0x0000000002790d20 method=com.android.dx.rop.type.Type.equals(Ljava/lang/Object;)Z @ 8
Event: 4.511 Thread 0x0000000056af1000 Uncommon trap: reason=unstable_if action=reinterpret pc=0x00000000028b510c method=com.android.dx.util.LabeledList.set(ILcom/android/dx/util/LabeledItem;)V @ 16
Event: 4.536 Thread 0x0000000056a92000 Uncommon trap: reason=unstable_if action=reinterpret pc=0x0000000002783204 method=com.android.dx.rop.cst.Constant.compareTo(Lcom/android/dx/rop/cst/Constant;)I @ 12
Event: 4.644 Thread 0x0000000056a94800 Uncommon trap: reason=unstable_if action=reinterpret pc=0x000000000283d468 method=com.android.dx.cf.code.Ropper.labelToResultIndex(I)I @ 34
Event: 6.378 Thread 0x0000000056a94800 Uncommon trap: reason=unstable_if action=reinterpret pc=0x000000000288adec method=com.android.dx.util.IntList.binarysearch(I)I @ 105
Event: 6.382 Thread 0x0000000056a94800 Uncommon trap: reason=unstable_if action=reinterpret pc=0x00000000029ac19c method=com.android.dx.ssa.SCCP.simulateStmt(Lcom/android/dx/ssa/SsaInsn;)V @ 59

Internal exceptions (3 events):
Event: 0.324 Thread 0x0000000001f0e800 Exception <a 'java/lang/NoSuchMethodError': Method sun.misc.Unsafe.defineClass(Ljava/lang/String;[BII)Ljava/lang/Class; name or signature does not match> (0x00000000eab0d720) thrown at [C:\workspace\8-2-build-windows-amd64-cygwin\jdk8u65\4987\hotspot\src\s’B‰Ã|¸Ô?
Event: 0.324 Thread 0x0000000001f0e800 Exception <a 'java/lang/NoSuchMethodError': Method sun.misc.Unsafe.prefetchRead(Ljava/lang/Object;J)V name or signature does not match> (0x00000000eab0da08) thrown at [C:\workspace\8-2-build-windows-amd64-cygwin\jdk8u65\4987\hotspot\src\share\vm\prims\jni.C"Œ‘ñ@
Event: 4.485 Thread 0x0000000056af1000 Implicit null exception at 0x0000000002790c12 to 0x0000000002790d11

Events (10 events):
Event: 4.881 Executing VM operation: ParallelGCFailedAllocation
Event: 5.743 Executing VM operation: ParallelGCFailedAllocation done
Event: 6.358 Thread 0x0000000056a94800 DEOPT PACKING pc=0x000000000283b31e sp=0x0000000057b8edb0
Event: 6.358 Thread 0x0000000056a94800 DEOPT UNPACKING pc=0x000000000248787f sp=0x0000000057b8eb18 mode 0
Event: 6.378 Thread 0x0000000056a94800 Uncommon trap: trap_request=0xffffff65 fr.pc=0x000000000288adec
Event: 6.378 Thread 0x0000000056a94800 DEOPT PACKING pc=0x000000000288adec sp=0x0000000057b8ee10
Event: 6.378 Thread 0x0000000056a94800 DEOPT UNPACKING pc=0x000000000248582a sp=0x0000000057b8ed88 mode 2
Event: 6.382 Thread 0x0000000056a94800 Uncommon trap: trap_request=0xffffff65 fr.pc=0x00000000029ac19c
Event: 6.382 Thread 0x0000000056a94800 DEOPT PACKING pc=0x00000000029ac19c sp=0x0000000057b8eea0
Event: 6.382 Thread 0x0000000056a94800 DEOPT UNPACKING pc=0x000000000248582a sp=0x0000000057b8ee88 mode 2


Dynamic libraries:
0x000000013fd00000 - 0x000000013fd37000 	C:\Program Files\Java\jdk1.8.0_65\bin\java.exe
0x0000000076d20000 - 0x0000000076eca000 	C:\Windows\SYSTEM32\ntdll.dll
0x0000000076b00000 - 0x0000000076c1f000 	C:\Windows\system32\kernel32.dll
0x000007fefcce0000 - 0x000007fefcd4a000 	C:\Windows\system32\KERNELBASE.dll
0x000007fefde90000 - 0x000007fefdf6b000 	C:\Windows\system32\ADVAPI32.dll
0x000007fefe1c0000 - 0x000007fefe25f000 	C:\Windows\system32\msvcrt.dll
0x000007fefe1a0000 - 0x000007fefe1bf000 	C:\Windows\SYSTEM32\sechost.dll
0x000007fefd820000 - 0x000007fefd94d000 	C:\Windows\system32\RPCRT4.dll
0x0000000076c20000 - 0x0000000076d1a000 	C:\Windows\system32\USER32.dll
0x000007fefe060000 - 0x000007fefe0c7000 	C:\Windows\system32\GDI32.dll
0x000007fefd810000 - 0x000007fefd81e000 	C:\Windows\system32\LPK.dll
0x000007fefe0d0000 - 0x000007fefe19a000 	C:\Windows\system32\USP10.dll
0x000007fefb490000 - 0x000007fefb684000 	C:\Windows\WinSxS\amd64_microsoft.windows.common-controls_6595b64144ccf1df_6.0.7601.18837_none_fa3b1e3d17594757\COMCTL32.dll
0x000007fefdfe0000 - 0x000007fefe051000 	C:\Windows\system32\SHLWAPI.dll
0x000007fefe260000 - 0x000007fefe28e000 	C:\Windows\system32\IMM32.DLL
0x000007fefd0e0000 - 0x000007fefd1e9000 	C:\Windows\system32\MSCTF.dll
0x000000006aa20000 - 0x000000006aaf2000 	C:\Program Files\Java\jdk1.8.0_65\jre\bin\msvcr100.dll
0x000000005e1f0000 - 0x000000005ea79000 	C:\Program Files\Java\jdk1.8.0_65\jre\bin\server\jvm.dll
0x000007fef81a0000 - 0x000007fef81a9000 	C:\Windows\system32\WSOCK32.dll
0x000007fefdf90000 - 0x000007fefdfdd000 	C:\Windows\system32\WS2_32.dll
0x000007fefe290000 - 0x000007fefe298000 	C:\Windows\system32\NSI.dll
0x000007fefa840000 - 0x000007fefa87b000 	C:\Windows\system32\WINMM.dll
0x000007fefbb20000 - 0x000007fefbb2c000 	C:\Windows\system32\VERSION.dll
0x0000000076ef0000 - 0x0000000076ef7000 	C:\Windows\system32\PSAPI.DLL
0x0000000073ee0000 - 0x0000000073eef000 	C:\Program Files\Java\jdk1.8.0_65\jre\bin\verify.dll
0x0000000073dc0000 - 0x0000000073de9000 	C:\Program Files\Java\jdk1.8.0_65\jre\bin\java.dll
0x0000000073da0000 - 0x0000000073db6000 	C:\Program Files\Java\jdk1.8.0_65\jre\bin\zip.dll
0x000007fefe2a0000 - 0x000007feff02a000 	C:\Windows\system32\SHELL32.dll
0x000007fefd2d0000 - 0x000007fefd4d3000 	C:\Windows\system32\ole32.dll
0x000007fefcaa0000 - 0x000007fefcaaf000 	C:\Windows\system32\profapi.dll
0x000007feedcf0000 - 0x000007feede15000 	C:\Windows\system32\dbghelp.dll

VM Arguments:
jvm_args: -Djava.awt.headless=true -Xmx1024M -Dfile.encoding=windows-1252 -Duser.country=FR -Duser.language=fr -Duser.variant 
java_command: com.android.dx.command.Main --dex --force-jumbo --num-threads=4 --multi-dex --output C:\Users\Smlc\AndroidStudioProjects\GameApp\app\build\intermediates\transforms\dex\debug\folders\1000\10\com.android.support-support-v4-23.3.0_464b16a4cc961a174d9b71740fc6111e32cd40e5 C:\Users\Smlc\AndroidStudioProjects\GameApp\app\build\intermediates\exploded-aar\com.android.support\support-v4\23.3.0\jars\classes.jar
java_class_path (initial): C:\Users\Smlc\AppData\Local\Android\sdk\build-tools\23.0.3\lib\dx.jar
Launcher Type: SUN_STANDARD

Environment Variables:
JAVA_HOME=C:\Program Files\Java\jdk1.8.0_65
PATH=C:\ProgramData\Oracle\Java\javapath;C:\Program Files (x86)\NVIDIA Corporation\PhysX\Common;C:\Program Files\Common Files\Microsoft Shared\Windows Live;C:\Program Files (x86)\Common Files\Microsoft Shared\Windows Live;C:\Windows\system32;C:\Windows;C:\Windows\System32\Wbem;C:\Windows\System32\WindowsPowerShell\v1.0\;C:\Program Files (x86)\Sony\VAIO Startup Setting Tool;C:\Program Files (x86)\Windows Live\Shared;C:\MinGW\bin;C:\Program Files (x86)\MiKTeX 2.9\miktex\bin\;C:\Program Files (x86)\Skype\Phone\;C:\Program Files\Git\cmd
USERNAME=Smlc
OS=Windows_NT
PROCESSOR_IDENTIFIER=Intel64 Family 6 Model 42 Stepping 7, GenuineIntel



---------------  S Y S T E M  ---------------

OS: Windows 7 , 64 bit Build 7601 (6.1.7601.23418)

CPU:total 4 (2 cores per cpu, 2 threads per core) family 6 model 42 stepping 7, cmov, cx8, fxsr, mmx, sse, sse2, sse3, ssse3, sse4.1, sse4.2, popcnt, avx, clmul, ht, tsc, tscinvbit

Memory: 4k page, physical 8370032k(2602376k free), swap 16738204k(8889792k free)

vm_info: Java HotSpot(TM) 64-Bit Server VM (25.65-b01) for windows-amd64 JRE (1.8.0_65-b17), built on Oct  6 2015 16:39:20 by "java_re" with MS VC++ 10.0 (VS2010)

time: Sat May 14 12:46:10 2016
elapsed time: 7 seconds (0d 0h 0m 7s)

