#
# A fatal error has been detected by the Java Runtime Environment:
#
#  EXCEPTION_ACCESS_VIOLATION (0xc0000005) at pc=0x0000000002db9bcc, pid=7004, tid=9736
#
# JRE version: Java(TM) SE Runtime Environment (8.0_65-b17) (build 1.8.0_65-b17)
# Java VM: Java HotSpot(TM) 64-Bit Server VM (25.65-b01 mixed mode windows-amd64 compressed oops)
# Problematic frame:
# J 2264 C1 com.android.dx.dex.file.MixedItemSection$1.compare(Ljava/lang/Object;Ljava/lang/Object;)I (13 bytes) @ 0x0000000002db9bcc [0x0000000002db9b60+0x6c]
#
# Failed to write core dump. Minidumps are not enabled by default on client versions of Windows
#
# If you would like to submit a bug report, please visit:
#   http://bugreport.java.com/bugreport/crash.jsp
#

---------------  T H R E A D  ---------------

Current thread (0x00000000564f3000):  JavaThread "pool-1-thread-1" [_thread_in_Java, id=9736, stack(0x0000000057900000,0x0000000057a00000)]

siginfo: ExceptionCode=0xc0000005, reading address 0x00000000e1a68988

Registers:
RAX=0x00000000144f3588, RBX=0x00000000145560c0, RCX=0x0000000081000001, RDX=0x00000000c0400d80
RSP=0x00000000579fe630, RBP=0x00000000579fe958, RSI=0x0000000054903568, RDI=0x0000000000003c20
R8 =0x00000000e1a68980, R9 =0x00000000c222d0f0, R10=0x0000000014544c48, R11=0x0000000000000238
R12=0x0000000000000000, R13=0x0000000002db9c44, R14=0x00000000579fe628, R15=0x00000000564f3000
RIP=0x0000000002db9bcc, EFLAGS=0x0000000000010202

Top of Stack: (sp=0x00000000579fe630)
0x00000000579fe630:   00000000579ff068 00000000564f3000
0x00000000579fe640:   0000000000000020 0000000054667718
0x00000000579fe650:   00000000144f1790 00000000024c31ba
0x00000000579fe660:   00000000564f3000 00000000c1a67708
0x00000000579fe670:   00000000c04136e8 00000000024a7a50
0x00000000579fe680:   00000000579fe958 0000000002db8ba4
0x00000000579fe690:   00000000579fe690 0000000054783682
0x00000000579fe6a0:   00000000579fe720 0000000054784e30
0x00000000579fe6b0:   000000005480db40 00000000547836b0
0x00000000579fe6c0:   0000000000000037 0000000000000001
0x00000000579fe6d0:   00000000579fe6d0 0000000054783da0
0x00000000579fe6e0:   00000000579fe728 00000df100000035
0x00000000579fe6f0:   00000000c2959cc8 00000000c0400d80
0x00000000579fe700:   0000000000000033 000000000000035e
0x00000000579fe710:   00000000579fe958 0000000002ab472c
0x00000000579fe720:   00000000579fe958 0000000002ab47c4 

Instructions: (pc=0x0000000002db9bcc)
0x0000000002db9bac:   3f 00 00 83 ff 00 0f 84 a8 00 00 00 49 83 f8 00
0x0000000002db9bbc:   0f 84 1d 00 00 00 48 bb c0 60 55 14 00 00 00 00
0x0000000002db9bcc:   41 8b 78 08 48 3b 5f 38 0f 85 9d 00 00 00 e9 00
0x0000000002db9bdc:   00 00 00 49 8b d0 49 83 f9 00 0f 84 1d 00 00 00 


Register to memory mapping:

RAX=0x00000000144f3588 is pointing into metadata
RBX=0x00000000145560c0 is pointing into metadata
RCX=0x0000000081000001 is an unknown value
RDX=0x00000000c0400d80 is an oop
com.android.dx.dex.file.MixedItemSection$1 
 - klass: 'com/android/dx/dex/file/MixedItemSection$1'
RSP=0x00000000579fe630 is pointing into the stack for thread: 0x00000000564f3000
RBP=0x00000000579fe958 is pointing into the stack for thread: 0x00000000564f3000
RSI={method} {0x0000000054903570} 'compare' '(Ljava/lang/Object;Ljava/lang/Object;)I' in 'com/android/dx/dex/file/MixedItemSection$1'
RDI=0x0000000000003c20 is an unknown value
R8 =0x00000000e1a68980 is an unallocated location in the heap
R9 =0x00000000c222d0f0 is an oop
com.android.dx.dex.file.DebugInfoItem 
 - klass: 'com/android/dx/dex/file/DebugInfoItem'
R10=0x0000000014544c48 is pointing into metadata
R11=0x0000000000000238 is an unknown value
R12=0x0000000000000000 is an unknown value
R13=0x0000000002db9c44 is at entry_point+228 in (nmethod*)0x0000000002db99d0
R14=0x00000000579fe628 is pointing into the stack for thread: 0x00000000564f3000
R15=0x00000000564f3000 is a thread


Stack: [0x0000000057900000,0x0000000057a00000],  sp=0x00000000579fe630,  free space=1017k
Native frames: (J=compiled Java code, j=interpreted, Vv=VM code, C=native code)
C  0x0000000002db9bcc


---------------  P R O C E S S  ---------------

Java Threads: ( => current thread )
=>0x00000000564f3000 JavaThread "pool-1-thread-1" [_thread_in_Java, id=9736, stack(0x0000000057900000,0x0000000057a00000)]
  0x00000000561b9800 JavaThread "Service Thread" daemon [_thread_blocked, id=8356, stack(0x0000000056e00000,0x0000000056f00000)]
  0x00000000561b8800 JavaThread "C1 CompilerThread2" daemon [_thread_blocked, id=6852, stack(0x00000000565e0000,0x00000000566e0000)]
  0x00000000561b7800 JavaThread "C2 CompilerThread1" daemon [_thread_in_native, id=6412, stack(0x0000000056c60000,0x0000000056d60000)]
  0x00000000561b3800 JavaThread "C2 CompilerThread0" daemon [_thread_in_native, id=7104, stack(0x0000000056b60000,0x0000000056c60000)]
  0x0000000054ed4800 JavaThread "Attach Listener" daemon [_thread_blocked, id=5964, stack(0x00000000568c0000,0x00000000569c0000)]
  0x0000000054ed3800 JavaThread "Signal Dispatcher" daemon [_thread_blocked, id=6336, stack(0x00000000566e0000,0x00000000567e0000)]
  0x0000000054e72800 JavaThread "Finalizer" daemon [_thread_blocked, id=6068, stack(0x00000000560b0000,0x00000000561b0000)]
  0x0000000054e71800 JavaThread "Reference Handler" daemon [_thread_blocked, id=5252, stack(0x0000000055e10000,0x0000000055f10000)]
  0x0000000001e4e800 JavaThread "main" [_thread_blocked, id=9996, stack(0x00000000020d0000,0x00000000021d0000)]

Other Threads:
  0x0000000054e6c000 VMThread [stack: 0x0000000055f50000,0x0000000056050000] [id=7512]
  0x0000000056240800 WatcherThread [stack: 0x0000000056ff0000,0x00000000570f0000] [id=8540]

VM state:not at safepoint (normal execution)

VM Mutex/Monitor currently owned by a thread: None

Heap:
 PSYoungGen      total 138240K, used 12436K [0x00000000eab00000, 0x00000000fe200000, 0x0000000100000000)
  eden space 133120K, 5% used [0x00000000eab00000,0x00000000eb2298c8,0x00000000f2d00000)
  from space 5120K, 99% used [0x00000000f2d00000,0x00000000f31fb780,0x00000000f3200000)
  to   space 26112K, 0% used [0x00000000fc880000,0x00000000fc880000,0x00000000fe200000)
 ParOldGen       total 87552K, used 43599K [0x00000000c0000000, 0x00000000c5580000, 0x00000000eab00000)
  object space 87552K, 49% used [0x00000000c0000000,0x00000000c2a93f58,0x00000000c5580000)
 Metaspace       used 6790K, capacity 7544K, committed 7680K, reserved 1056768K
  class space    used 643K, capacity 688K, committed 768K, reserved 1048576K

Card table byte_map: [0x0000000011860000,0x0000000011a70000] byte_map_base: 0x0000000011260000

Marking Bits: (ParMarkBitMap*) 0x000000005e9fa5b0
 Begin Bits: [0x00000000122e0000, 0x00000000132e0000)
 End Bits:   [0x00000000132e0000, 0x00000000142e0000)

Polling page: 0x0000000000210000

CodeCache: size=245760Kb used=10197Kb max_used=10200Kb free=235562Kb
 bounds [0x00000000024a0000, 0x0000000002ea0000, 0x00000000114a0000]
 total_blobs=2668 nmethods=2398 adapters=182
 compilation: enabled

Compilation events (10 events):
Event: 15.348 Thread 0x00000000561b8800 nmethod 2512 0x0000000002e99b90 code [0x0000000002e99d20, 0x0000000002e99f98]
Event: 15.348 Thread 0x00000000561b8800 2514       1       com.android.dx.dex.file.StringDataItem::itemType (4 bytes)
Event: 15.348 Thread 0x00000000561b8800 nmethod 2514 0x0000000002e86f50 code [0x0000000002e870a0, 0x0000000002e871b0]
Event: 15.348 Thread 0x00000000561b8800 2513       2       com.android.dx.dex.file.StringDataItem::compareTo0 (17 bytes)
Event: 15.348 Thread 0x00000000561b3800 2506       4       com.android.dx.dex.code.LocalList::make (102 bytes)
Event: 15.349 Thread 0x00000000561b8800 nmethod 2513 0x0000000002e99450 code [0x0000000002e995e0, 0x0000000002e99898]
Event: 15.350 Thread 0x00000000561b8800 2515       1       com.android.dx.dex.file.OffsettedItem::place0 (1 bytes)
Event: 15.350 Thread 0x00000000561b8800 nmethod 2515 0x0000000002e97310 code [0x0000000002e97460, 0x0000000002e97570]
Event: 15.351 Thread 0x00000000561b8800 2516       3       com.android.dx.dex.file.DebugInfoItem::itemType (4 bytes)
Event: 15.351 Thread 0x00000000561b8800 nmethod 2516 0x0000000002e9e5d0 code [0x0000000002e9e720, 0x0000000002e9e870]

GC Heap History (10 events):
Event: 2.639 GC heap before
{Heap before GC invocations=1 (full 0):
 PSYoungGen      total 38400K, used 33280K [0x00000000eab00000, 0x00000000ed580000, 0x0000000100000000)
  eden space 33280K, 100% used [0x00000000eab00000,0x00000000ecb80000,0x00000000ecb80000)
  from space 5120K, 0% used [0x00000000ed080000,0x00000000ed080000,0x00000000ed580000)
  to   space 5120K, 0% used [0x00000000ecb80000,0x00000000ecb80000,0x00000000ed080000)
 ParOldGen       total 87552K, used 0K [0x00000000c0000000, 0x00000000c5580000, 0x00000000eab00000)
  object space 87552K, 0% used [0x00000000c0000000,0x00000000c0000000,0x00000000c5580000)
 Metaspace       used 5919K, capacity 6832K, committed 7040K, reserved 1056768K
  class space    used 602K, capacity 616K, committed 640K, reserved 1048576K
Event: 2.671 GC heap after
Heap after GC invocations=1 (full 0):
 PSYoungGen      total 38400K, used 5095K [0x00000000eab00000, 0x00000000ef600000, 0x0000000100000000)
  eden space 33280K, 0% used [0x00000000eab00000,0x00000000eab00000,0x00000000ecb80000)
  from space 5120K, 99% used [0x00000000ecb80000,0x00000000ed079e58,0x00000000ed080000)
  to   space 5120K, 0% used [0x00000000ef100000,0x00000000ef100000,0x00000000ef600000)
 ParOldGen       total 87552K, used 1218K [0x00000000c0000000, 0x00000000c5580000, 0x00000000eab00000)
  object space 87552K, 1% used [0x00000000c0000000,0x00000000c01309b0,0x00000000c5580000)
 Metaspace       used 5919K, capacity 6832K, committed 7040K, reserved 1056768K
  class space    used 602K, capacity 616K, committed 640K, reserved 1048576K
}
Event: 3.396 GC heap before
{Heap before GC invocations=2 (full 0):
 PSYoungGen      total 38400K, used 38375K [0x00000000eab00000, 0x00000000ef600000, 0x0000000100000000)
  eden space 33280K, 100% used [0x00000000eab00000,0x00000000ecb80000,0x00000000ecb80000)
  from space 5120K, 99% used [0x00000000ecb80000,0x00000000ed079e58,0x00000000ed080000)
  to   space 5120K, 0% used [0x00000000ef100000,0x00000000ef100000,0x00000000ef600000)
 ParOldGen       total 87552K, used 1218K [0x00000000c0000000, 0x00000000c5580000, 0x00000000eab00000)
  object space 87552K, 1% used [0x00000000c0000000,0x00000000c01309b0,0x00000000c5580000)
 Metaspace       used 6125K, capacity 7024K, committed 7296K, reserved 1056768K
  class space    used 602K, capacity 616K, committed 640K, reserved 1048576K
Event: 3.449 GC heap after
Heap after GC invocations=2 (full 0):
 PSYoungGen      total 71680K, used 5089K [0x00000000eab00000, 0x00000000ef600000, 0x0000000100000000)
  eden space 66560K, 0% used [0x00000000eab00000,0x00000000eab00000,0x00000000eec00000)
  from space 5120K, 99% used [0x00000000ef100000,0x00000000ef5f8510,0x00000000ef600000)
  to   space 5120K, 0% used [0x00000000eec00000,0x00000000eec00000,0x00000000ef100000)
 ParOldGen       total 87552K, used 5083K [0x00000000c0000000, 0x00000000c5580000, 0x00000000eab00000)
  object space 87552K, 5% used [0x00000000c0000000,0x00000000c04f6ca8,0x00000000c5580000)
 Metaspace       used 6125K, capacity 7024K, committed 7296K, reserved 1056768K
  class space    used 602K, capacity 616K, committed 640K, reserved 1048576K
}
Event: 6.860 GC heap before
{Heap before GC invocations=3 (full 0):
 PSYoungGen      total 71680K, used 71649K [0x00000000eab00000, 0x00000000ef600000, 0x0000000100000000)
  eden space 66560K, 100% used [0x00000000eab00000,0x00000000eec00000,0x00000000eec00000)
  from space 5120K, 99% used [0x00000000ef100000,0x00000000ef5f8510,0x00000000ef600000)
  to   space 5120K, 0% used [0x00000000eec00000,0x00000000eec00000,0x00000000ef100000)
 ParOldGen       total 87552K, used 5083K [0x00000000c0000000, 0x00000000c5580000, 0x00000000eab00000)
  object space 87552K, 5% used [0x00000000c0000000,0x00000000c04f6ca8,0x00000000c5580000)
 Metaspace       used 6271K, capacity 7152K, committed 7296K, reserved 1056768K
  class space    used 603K, capacity 616K, committed 640K, reserved 1048576K
Event: 7.085 GC heap after
Heap after GC invocations=3 (full 0):
 PSYoungGen      total 71680K, used 5106K [0x00000000eab00000, 0x00000000f3700000, 0x0000000100000000)
  eden space 66560K, 0% used [0x00000000eab00000,0x00000000eab00000,0x00000000eec00000)
  from space 5120K, 99% used [0x00000000eec00000,0x00000000ef0fca88,0x00000000ef100000)
  to   space 5120K, 0% used [0x00000000f3200000,0x00000000f3200000,0x00000000f3700000)
 ParOldGen       total 87552K, used 14768K [0x00000000c0000000, 0x00000000c5580000, 0x00000000eab00000)
  object space 87552K, 16% used [0x00000000c0000000,0x00000000c0e6c008,0x00000000c5580000)
 Metaspace       used 6271K, capacity 7152K, committed 7296K, reserved 1056768K
  class space    used 603K, capacity 616K, committed 640K, reserved 1048576K
}
Event: 11.716 GC heap before
{Heap before GC invocations=4 (full 0):
 PSYoungGen      total 71680K, used 71666K [0x00000000eab00000, 0x00000000f3700000, 0x0000000100000000)
  eden space 66560K, 100% used [0x00000000eab00000,0x00000000eec00000,0x00000000eec00000)
  from space 5120K, 99% used [0x00000000eec00000,0x00000000ef0fca88,0x00000000ef100000)
  to   space 5120K, 0% used [0x00000000f3200000,0x00000000f3200000,0x00000000f3700000)
 ParOldGen       total 87552K, used 14768K [0x00000000c0000000, 0x00000000c5580000, 0x00000000eab00000)
  object space 87552K, 16% used [0x00000000c0000000,0x00000000c0e6c008,0x00000000c5580000)
 Metaspace       used 6399K, capacity 7192K, committed 7424K, reserved 1056768K
  class space    used 624K, capacity 656K, committed 768K, reserved 1048576K
Event: 12.004 GC heap after
Heap after GC invocations=4 (full 0):
 PSYoungGen      total 138240K, used 5106K [0x00000000eab00000, 0x00000000f3700000, 0x0000000100000000)
  eden space 133120K, 0% used [0x00000000eab00000,0x00000000eab00000,0x00000000f2d00000)
  from space 5120K, 99% used [0x00000000f3200000,0x00000000f36fcaf0,0x00000000f3700000)
  to   space 5120K, 0% used [0x00000000f2d00000,0x00000000f2d00000,0x00000000f3200000)
 ParOldGen       total 87552K, used 24545K [0x00000000c0000000, 0x00000000c5580000, 0x00000000eab00000)
  object space 87552K, 28% used [0x00000000c0000000,0x00000000c17f85e0,0x00000000c5580000)
 Metaspace       used 6399K, capacity 7192K, committed 7424K, reserved 1056768K
  class space    used 624K, capacity 656K, committed 768K, reserved 1048576K
}
Event: 14.070 GC heap before
{Heap before GC invocations=5 (full 0):
 PSYoungGen      total 138240K, used 138226K [0x00000000eab00000, 0x00000000f3700000, 0x0000000100000000)
  eden space 133120K, 100% used [0x00000000eab00000,0x00000000f2d00000,0x00000000f2d00000)
  from space 5120K, 99% used [0x00000000f3200000,0x00000000f36fcaf0,0x00000000f3700000)
  to   space 5120K, 0% used [0x00000000f2d00000,0x00000000f2d00000,0x00000000f3200000)
 ParOldGen       total 87552K, used 24545K [0x00000000c0000000, 0x00000000c5580000, 0x00000000eab00000)
  object space 87552K, 28% used [0x00000000c0000000,0x00000000c17f85e0,0x00000000c5580000)
 Metaspace       used 6761K, capacity 7480K, committed 7680K, reserved 1056768K
  class space    used 643K, capacity 688K, committed 768K, reserved 1048576K
Event: 15.011 GC heap after
Heap after GC invocations=5 (full 0):
 PSYoungGen      total 138240K, used 5101K [0x00000000eab00000, 0x00000000fe200000, 0x0000000100000000)
  eden space 133120K, 0% used [0x00000000eab00000,0x00000000eab00000,0x00000000f2d00000)
  from space 5120K, 99% used [0x00000000f2d00000,0x00000000f31fb780,0x00000000f3200000)
  to   space 26112K, 0% used [0x00000000fc880000,0x00000000fc880000,0x00000000fe200000)
 ParOldGen       total 87552K, used 43599K [0x00000000c0000000, 0x00000000c5580000, 0x00000000eab00000)
  object space 87552K, 49% used [0x00000000c0000000,0x00000000c2a93f58,0x00000000c5580000)
 Metaspace       used 6761K, capacity 7480K, committed 7680K, reserved 1056768K
  class space    used 643K, capacity 688K, committed 768K, reserved 1048576K
}

Deoptimization events (10 events):
Event: 13.344 Thread 0x00000000564f3000 Uncommon trap: reason=class_check action=maybe_recompile pc=0x0000000002854234 method=java.util.Arrays.hashCode([Ljava/lang/Object;)I @ 43
Event: 13.379 Thread 0x00000000564f3000 Uncommon trap: reason=bimorphic action=maybe_recompile pc=0x000000000287dfd8 method=java.util.HashMap.putVal(ILjava/lang/Object;Ljava/lang/Object;ZZ)Ljava/lang/Object; @ 203
Event: 13.379 Thread 0x00000000564f3000 Uncommon trap: reason=bimorphic action=maybe_recompile pc=0x000000000287dfd8 method=java.util.HashMap.putVal(ILjava/lang/Object;Ljava/lang/Object;ZZ)Ljava/lang/Object; @ 203
Event: 13.380 Thread 0x00000000564f3000 Uncommon trap: reason=bimorphic action=maybe_recompile pc=0x000000000287dfd8 method=java.util.HashMap.putVal(ILjava/lang/Object;Ljava/lang/Object;ZZ)Ljava/lang/Object; @ 203
Event: 13.381 Thread 0x00000000564f3000 Uncommon trap: reason=bimorphic action=maybe_recompile pc=0x000000000287dfd8 method=java.util.HashMap.putVal(ILjava/lang/Object;Ljava/lang/Object;ZZ)Ljava/lang/Object; @ 203
Event: 13.777 Thread 0x00000000564f3000 Uncommon trap: reason=speculate_class_check action=maybe_recompile pc=0x00000000027d8304 method=com.android.dx.util.FixedSizeList.equals(Ljava/lang/Object;)Z @ 25
Event: 13.865 Thread 0x00000000564f3000 Uncommon trap: reason=speculate_class_check action=maybe_recompile pc=0x00000000027d8304 method=com.android.dx.util.FixedSizeList.equals(Ljava/lang/Object;)Z @ 25
Event: 13.866 Thread 0x00000000564f3000 Uncommon trap: reason=speculate_class_check action=maybe_recompile pc=0x00000000027d8304 method=com.android.dx.util.FixedSizeList.equals(Ljava/lang/Object;)Z @ 25
Event: 13.866 Thread 0x00000000564f3000 Uncommon trap: reason=speculate_class_check action=maybe_recompile pc=0x00000000027d8304 method=com.android.dx.util.FixedSizeList.equals(Ljava/lang/Object;)Z @ 25
Event: 13.928 Thread 0x00000000564f3000 Uncommon trap: reason=unstable_if action=reinterpret pc=0x0000000002b0c87c method=java.util.TreeMap.put(Ljava/lang/Object;Ljava/lang/Object;)Ljava/lang/Object; @ 163

Internal exceptions (5 events):
Event: 0.130 Thread 0x0000000001e4e800 Exception <a 'java/lang/NoSuchMethodError': Method sun.misc.Unsafe.defineClass(Ljava/lang/String;[BII)Ljava/lang/Class; name or signature does not match> (0x00000000eab0d5a8) thrown at [C:\workspace\8-2-build-windows-amd64-cygwin\jdk8u65\4987\hotspot\src\sóšƒ9¨®À?
Event: 0.130 Thread 0x0000000001e4e800 Exception <a 'java/lang/NoSuchMethodError': Method sun.misc.Unsafe.prefetchRead(Ljava/lang/Object;J)V name or signature does not match> (0x00000000eab0d890) thrown at [C:\workspace\8-2-build-windows-amd64-cygwin\jdk8u65\4987\hotspot\src\share\vm\prims\jni.³mÛ÷x'@
Event: 11.536 Thread 0x00000000564f3000 Exception <a 'java/lang/ArrayIndexOutOfBoundsException': 18> (0x00000000eccf14f8) thrown at [C:\workspace\8-2-build-windows-amd64-cygwin\jdk8u65\4987\hotspot\src\share\vm\interpreter\interpreterRuntime.cpp, line 366]
Event: 11.537 Thread 0x00000000564f3000 Exception <a 'java/lang/ArrayIndexOutOfBoundsException': 145> (0x00000000eccf3078) thrown at [C:\workspace\8-2-build-windows-amd64-cygwin\jdk8u65\4987\hotspot\src\share\vm\interpreter\interpreterRuntime.cpp, line 366]
Event: 11.538 Thread 0x00000000564f3000 Exception <a 'java/lang/ArrayIndexOutOfBoundsException'> (0x00000000eccf4360) thrown at [C:\workspace\8-2-build-windows-amd64-cygwin\jdk8u65\4987\hotspot\src\share\vm\runtime\sharedRuntime.cpp, line 605]

Events (10 events):
Event: 15.297 Thread 0x00000000564f3000 DEOPT PACKING pc=0x0000000002ded3bc sp=0x00000000579fe450
Event: 15.297 Thread 0x00000000564f3000 DEOPT UNPACKING pc=0x00000000024e787f sp=0x00000000579fe198 mode 0
Event: 15.310 Thread 0x00000000564f3000 DEOPT PACKING pc=0x0000000002e2e25e sp=0x00000000579fe5b0
Event: 15.310 Thread 0x00000000564f3000 DEOPT UNPACKING pc=0x00000000024e787f sp=0x00000000579fe308 mode 0
Event: 15.320 Thread 0x00000000564f3000 DEOPT PACKING pc=0x0000000002e2e25e sp=0x00000000579fe5b0
Event: 15.320 Thread 0x00000000564f3000 DEOPT UNPACKING pc=0x00000000024e787f sp=0x00000000579fe308 mode 0
Event: 15.335 Thread 0x00000000564f3000 DEOPT PACKING pc=0x0000000002e387e1 sp=0x00000000579fe710
Event: 15.335 Thread 0x00000000564f3000 DEOPT UNPACKING pc=0x00000000024e787f sp=0x00000000579fe460 mode 0
Event: 15.336 Thread 0x00000000564f3000 DEOPT PACKING pc=0x0000000002e2e25e sp=0x00000000579fe5b0
Event: 15.336 Thread 0x00000000564f3000 DEOPT UNPACKING pc=0x00000000024e787f sp=0x00000000579fe308 mode 0


Dynamic libraries:
0x000000013fd00000 - 0x000000013fd37000 	C:\Program Files\Java\jdk1.8.0_65\bin\java.exe
0x0000000076d20000 - 0x0000000076eca000 	C:\Windows\SYSTEM32\ntdll.dll
0x0000000076b00000 - 0x0000000076c1f000 	C:\Windows\system32\kernel32.dll
0x000007fefcce0000 - 0x000007fefcd4a000 	C:\Windows\system32\KERNELBASE.dll
0x000007fefde90000 - 0x000007fefdf6b000 	C:\Windows\system32\ADVAPI32.dll
0x000007fefe1c0000 - 0x000007fefe25f000 	C:\Windows\system32\msvcrt.dll
0x000007fefe1a0000 - 0x000007fefe1bf000 	C:\Windows\SYSTEM32\sechost.dll
0x000007fefd820000 - 0x000007fefd94d000 	C:\Windows\system32\RPCRT4.dll
0x0000000076c20000 - 0x0000000076d1a000 	C:\Windows\system32\USER32.dll
0x000007fefe060000 - 0x000007fefe0c7000 	C:\Windows\system32\GDI32.dll
0x000007fefd810000 - 0x000007fefd81e000 	C:\Windows\system32\LPK.dll
0x000007fefe0d0000 - 0x000007fefe19a000 	C:\Windows\system32\USP10.dll
0x000007fefb490000 - 0x000007fefb684000 	C:\Windows\WinSxS\amd64_microsoft.windows.common-controls_6595b64144ccf1df_6.0.7601.18837_none_fa3b1e3d17594757\COMCTL32.dll
0x000007fefdfe0000 - 0x000007fefe051000 	C:\Windows\system32\SHLWAPI.dll
0x000007fefe260000 - 0x000007fefe28e000 	C:\Windows\system32\IMM32.DLL
0x000007fefd0e0000 - 0x000007fefd1e9000 	C:\Windows\system32\MSCTF.dll
0x000000006aa20000 - 0x000000006aaf2000 	C:\Program Files\Java\jdk1.8.0_65\jre\bin\msvcr100.dll
0x000000005e1f0000 - 0x000000005ea79000 	C:\Program Files\Java\jdk1.8.0_65\jre\bin\server\jvm.dll
0x000007fef81a0000 - 0x000007fef81a9000 	C:\Windows\system32\WSOCK32.dll
0x000007fefdf90000 - 0x000007fefdfdd000 	C:\Windows\system32\WS2_32.dll
0x000007fefe290000 - 0x000007fefe298000 	C:\Windows\system32\NSI.dll
0x000007fefa840000 - 0x000007fefa87b000 	C:\Windows\system32\WINMM.dll
0x000007fefbb20000 - 0x000007fefbb2c000 	C:\Windows\system32\VERSION.dll
0x0000000076ef0000 - 0x0000000076ef7000 	C:\Windows\system32\PSAPI.DLL
0x0000000073ee0000 - 0x0000000073eef000 	C:\Program Files\Java\jdk1.8.0_65\jre\bin\verify.dll
0x0000000073dc0000 - 0x0000000073de9000 	C:\Program Files\Java\jdk1.8.0_65\jre\bin\java.dll
0x0000000073da0000 - 0x0000000073db6000 	C:\Program Files\Java\jdk1.8.0_65\jre\bin\zip.dll
0x000007fefe2a0000 - 0x000007feff02a000 	C:\Windows\system32\SHELL32.dll
0x000007fefd2d0000 - 0x000007fefd4d3000 	C:\Windows\system32\ole32.dll
0x000007fefcaa0000 - 0x000007fefcaaf000 	C:\Windows\system32\profapi.dll
0x000007feedcf0000 - 0x000007feede15000 	C:\Windows\system32\dbghelp.dll

VM Arguments:
jvm_args: -Djava.awt.headless=true -Xmx1024M -Dfile.encoding=windows-1252 -Duser.country=FR -Duser.language=fr -Duser.variant 
java_command: com.android.dx.command.Main --dex --force-jumbo --num-threads=4 --multi-dex --output C:\Users\Smlc\AndroidStudioProjects\GameApp\app\build\intermediates\transforms\dex\debug\folders\1000\10\com.android.support-appcompat-v7-23.3.0_b875871089b19de14e56ab6fe45617f72b38322e C:\Users\Smlc\AndroidStudioProjects\GameApp\app\build\intermediates\exploded-aar\com.android.support\appcompat-v7\23.3.0\jars\classes.jar
java_class_path (initial): C:\Users\Smlc\AppData\Local\Android\sdk\build-tools\23.0.3\lib\dx.jar
Launcher Type: SUN_STANDARD

Environment Variables:
JAVA_HOME=C:\Program Files\Java\jdk1.8.0_65
PATH=C:\ProgramData\Oracle\Java\javapath;C:\Program Files (x86)\NVIDIA Corporation\PhysX\Common;C:\Program Files\Common Files\Microsoft Shared\Windows Live;C:\Program Files (x86)\Common Files\Microsoft Shared\Windows Live;C:\Windows\system32;C:\Windows;C:\Windows\System32\Wbem;C:\Windows\System32\WindowsPowerShell\v1.0\;C:\Program Files (x86)\Sony\VAIO Startup Setting Tool;C:\Program Files (x86)\Windows Live\Shared;C:\MinGW\bin;C:\Program Files (x86)\MiKTeX 2.9\miktex\bin\;C:\Program Files (x86)\Skype\Phone\;C:\Program Files\Git\cmd
USERNAME=Smlc
OS=Windows_NT
PROCESSOR_IDENTIFIER=Intel64 Family 6 Model 42 Stepping 7, GenuineIntel



---------------  S Y S T E M  ---------------

OS: Windows 7 , 64 bit Build 7601 (6.1.7601.23418)

CPU:total 4 (2 cores per cpu, 2 threads per core) family 6 model 42 stepping 7, cmov, cx8, fxsr, mmx, sse, sse2, sse3, ssse3, sse4.1, sse4.2, popcnt, avx, clmul, ht, tsc, tscinvbit

Memory: 4k page, physical 8370032k(2530608k free), swap 16738204k(8890844k free)

vm_info: Java HotSpot(TM) 64-Bit Server VM (25.65-b01) for windows-amd64 JRE (1.8.0_65-b17), built on Oct  6 2015 16:39:20 by "java_re" with MS VC++ 10.0 (VS2010)

time: Sat May 14 12:46:20 2016
elapsed time: 15 seconds (0d 0h 0m 15s)

