#
# A fatal error has been detected by the Java Runtime Environment:
#
#  EXCEPTION_ACCESS_VIOLATION (0xc0000005) at pc=0x000000005ea0c580, pid=6284, tid=3172
#
# JRE version: Java(TM) SE Runtime Environment (8.0_65-b17) (build 1.8.0_65-b17)
# Java VM: Java HotSpot(TM) 64-Bit Server VM (25.65-b01 mixed mode windows-amd64 compressed oops)
# Problematic frame:
# V  [jvm.dll+0x2c580]
#
# Failed to write core dump. Minidumps are not enabled by default on client versions of Windows
#
# If you would like to submit a bug report, please visit:
#   http://bugreport.java.com/bugreport/crash.jsp
#

---------------  T H R E A D  ---------------

Current thread (0x0000000054b28000):  JavaThread "C2 CompilerThread1" daemon [_thread_in_vm, id=3172, stack(0x0000000056690000,0x0000000056790000)]

siginfo: ExceptionCode=0xc0000005, reading address 0x0000000000000008

Registers:
RAX=0x000000000aaaaaa9, RBX=0x0000000000000000, RCX=0x0000000000000000, RDX=0x00000000db723a68
RSP=0x000000005678daa8, RBP=0x0000000000000018, RSI=0x0000000000000003, RDI=0x00000000db723a68
R8 =0x0000000000000003, R9 =0x000000005ea721f0, R10=0x000000005b723a50, R11=0x000000005678f8d0
R12=0xffffffff80000008, R13=0x000000015b723a48, R14=0x000000005b723a70, R15=0x0000000000000000
RIP=0x000000005ea0c580, EFLAGS=0x0000000000010293

Top of Stack: (sp=0x000000005678daa8)
0x000000005678daa8:   000000005ea72189 000000005a43a0e0
0x000000005678dab8:   000000005a43a0e0 000000005a43a120
0x000000005678dac8:   000000005ea721e0 000000005ea721f0
0x000000005678dad8:   0000000059bb8e1e 0000000000000100
0x000000005678dae8:   0000000000000018 00000000db723a68
0x000000005678daf8:   0000000000000008 0000000000000000
0x000000005678db08:   0000000000000000 0000000000000000
0x000000005678db18:   0000000000000000 0000000000000000
0x000000005678db28:   0000000000000000 0000000000000000
0x000000005678db38:   0000000000000000 0000000000000000
0x000000005678db48:   0000000000000000 0000000000000000
0x000000005678db58:   0000000000000000 0000000000000000
0x000000005678db68:   0000000000000000 0000000000000000
0x000000005678db78:   0000000000000000 0000000000000000
0x000000005678db88:   0000000000000000 0000000000000000
0x000000005678db98:   0000000000000000 0000000000000000 

Instructions: (pc=0x000000005ea0c580)
0x000000005ea0c560:   e9 fb c4 01 00 48 8b c8 e9 73 49 01 00 cc cc cc
0x000000005ea0c570:   8d 04 12 01 41 08 c3 cc cc cc cc cc cc cc cc cc
0x000000005ea0c580:   8b 41 08 d1 e8 c3 cc cc cc cc cc cc cc cc cc cc
0x000000005ea0c590:   40 53 48 83 ec 20 48 8b d9 8b 0d f9 b0 77 00 ff 


Register to memory mapping:

RAX=0x000000000aaaaaa9 is an unknown value
RBX=0x0000000000000000 is an unknown value
RCX=0x0000000000000000 is an unknown value
RDX=0x00000000db723a68 is an unallocated location in the heap
RSP=0x000000005678daa8 is pointing into the stack for thread: 0x0000000054b28000
RBP=0x0000000000000018 is an unknown value
RSI=0x0000000000000003 is an unknown value
RDI=0x00000000db723a68 is an unallocated location in the heap
R8 =0x0000000000000003 is an unknown value
R9 =0x000000005ea721f0 is an unknown value
R10=0x000000005b723a50 is an unknown value
R11=0x000000005678f8d0 is pointing into the stack for thread: 0x0000000054b28000
R12=0xffffffff80000008 is an unknown value
R13=0x000000015b723a48 is an unknown value
R14=0x000000005b723a70 is an unknown value
R15=0x0000000000000000 is an unknown value


Stack: [0x0000000056690000,0x0000000056790000],  sp=0x000000005678daa8,  free space=1014k
Native frames: (J=compiled Java code, j=interpreted, Vv=VM code, C=native code)
V  [jvm.dll+0x2c580]


Current CompileTask:
C2:  15958 2046  s    4       com.android.dx.dex.file.MethodIdsSection::intern (55 bytes)


---------------  P R O C E S S  ---------------

Java Threads: ( => current thread )
  0x0000000056b4e800 JavaThread "pool-2-thread-4" [_thread_blocked, id=7848, stack(0x0000000057c50000,0x0000000057d50000)]
  0x0000000056b4a800 JavaThread "pool-2-thread-3" [_thread_blocked, id=9200, stack(0x0000000057980000,0x0000000057a80000)]
  0x0000000056a3a800 JavaThread "pool-2-thread-2" [_thread_blocked, id=2364, stack(0x0000000057aa0000,0x0000000057ba0000)]
  0x0000000056b11800 JavaThread "pool-3-thread-1" [_thread_blocked, id=9044, stack(0x00000000577d0000,0x00000000578d0000)]
  0x0000000056b10800 JavaThread "pool-2-thread-1" [_thread_blocked, id=7504, stack(0x00000000575d0000,0x00000000576d0000)]
  0x00000000567ea800 JavaThread "Service Thread" daemon [_thread_blocked, id=5600, stack(0x0000000056c60000,0x0000000056d60000)]
  0x00000000567ea000 JavaThread "C1 CompilerThread2" daemon [_thread_blocked, id=6548, stack(0x00000000560e0000,0x00000000561e0000)]
=>0x0000000054b28000 JavaThread "C2 CompilerThread1" daemon [_thread_in_vm, id=3172, stack(0x0000000056690000,0x0000000056790000)]
  0x0000000054b24000 JavaThread "C2 CompilerThread0" daemon [_thread_blocked, id=6892, stack(0x0000000056590000,0x0000000056690000)]
  0x0000000054b1f800 JavaThread "Attach Listener" daemon [_thread_blocked, id=8888, stack(0x0000000056310000,0x0000000056410000)]
  0x0000000054b2f000 JavaThread "Signal Dispatcher" daemon [_thread_blocked, id=6828, stack(0x00000000561e0000,0x00000000562e0000)]
  0x0000000054ac0800 JavaThread "Finalizer" daemon [_thread_blocked, id=2308, stack(0x0000000055f80000,0x0000000056080000)]
  0x0000000054abf800 JavaThread "Reference Handler" daemon [_thread_blocked, id=5900, stack(0x0000000055e50000,0x0000000055f50000)]
  0x00000000002de800 JavaThread "main" [_thread_blocked, id=6600, stack(0x0000000002040000,0x0000000002140000)]

Other Threads:
  0x0000000054aba000 VMThread [stack: 0x0000000055cc0000,0x0000000055dc0000] [id=4040]
  0x00000000567fd000 WatcherThread [stack: 0x0000000056410000,0x0000000056510000] [id=3224]

VM state:not at safepoint (normal execution)

VM Mutex/Monitor currently owned by a thread:  ([mutex/lock_event])
[0x00000000002dce50] Compile_lock - owner thread: 0x0000000054b28000
[0x00000000002dcf50] MethodCompileQueue_lock - owner thread: 0x0000000054b28000

Heap:
 PSYoungGen      total 138240K, used 32405K [0x00000000eab00000, 0x00000000f3700000, 0x0000000100000000)
  eden space 133120K, 20% used [0x00000000eab00000,0x00000000ec5a6b08,0x00000000f2d00000)
  from space 5120K, 99% used [0x00000000f3200000,0x00000000f36fea08,0x00000000f3700000)
  to   space 5120K, 0% used [0x00000000f2d00000,0x00000000f2d00000,0x00000000f3200000)
 ParOldGen       total 87552K, used 24439K [0x00000000c0000000, 0x00000000c5580000, 0x00000000eab00000)
  object space 87552K, 27% used [0x00000000c0000000,0x00000000c17dde00,0x00000000c5580000)
 Metaspace       used 6400K, capacity 7192K, committed 7424K, reserved 1056768K
  class space    used 624K, capacity 656K, committed 768K, reserved 1048576K

Card table byte_map: [0x00000000117d0000,0x00000000119e0000] byte_map_base: 0x00000000111d0000

Marking Bits: (ParMarkBitMap*) 0x000000005f1ea5b0
 Begin Bits: [0x0000000011f30000, 0x0000000012f30000)
 End Bits:   [0x0000000012f30000, 0x0000000013f30000)

Polling page: 0x0000000000210000

CodeCache: size=245760Kb used=10289Kb max_used=10289Kb free=235470Kb
 bounds [0x0000000002410000, 0x0000000002e30000, 0x0000000011410000]
 total_blobs=2259 nmethods=1987 adapters=182
 compilation: enabled

Compilation events (10 events):
Event: 15.488 Thread 0x0000000054b28000 2043       4       com.android.dx.ssa.LocalVariableExtractor::doit (59 bytes)
Event: 15.498 Thread 0x0000000054b28000 nmethod 2043 0x0000000002de9590 code [0x0000000002de9700, 0x0000000002de9a08]
Event: 15.498 Thread 0x0000000054b28000 2030       4       com.android.dx.cf.code.BaseMachine::popArgs (62 bytes)
Event: 15.508 Thread 0x0000000054b28000 nmethod 2030 0x0000000002de8b50 code [0x0000000002de8cc0, 0x0000000002de9118]
Event: 15.508 Thread 0x0000000054b28000 2041       4       com.android.dx.cf.code.Ropper::addExceptionSetupBlocks (203 bytes)
Event: 15.537 Thread 0x0000000054b24000 nmethod 2044 0x0000000002e1f110 code [0x0000000002e1f340, 0x0000000002e209f0]
Event: 15.537 Thread 0x0000000054b24000 2013       4       com.android.dx.ssa.SsaMethod::buildUseList (112 bytes)
Event: 15.563 Thread 0x0000000054b28000 nmethod 2041 0x0000000002e22510 code [0x0000000002e22780, 0x0000000002e237e0]
Event: 15.584 Thread 0x0000000054b24000 nmethod 2013 0x0000000002de5750 code [0x0000000002de5920, 0x0000000002de62e8]
Event: 15.586 Thread 0x0000000054b28000 2046  s    4       com.android.dx.dex.file.MethodIdsSection::intern (55 bytes)

GC Heap History (8 events):
Event: 1.805 GC heap before
{Heap before GC invocations=1 (full 0):
 PSYoungGen      total 38400K, used 33280K [0x00000000eab00000, 0x00000000ed580000, 0x0000000100000000)
  eden space 33280K, 100% used [0x00000000eab00000,0x00000000ecb80000,0x00000000ecb80000)
  from space 5120K, 0% used [0x00000000ed080000,0x00000000ed080000,0x00000000ed580000)
  to   space 5120K, 0% used [0x00000000ecb80000,0x00000000ecb80000,0x00000000ed080000)
 ParOldGen       total 87552K, used 0K [0x00000000c0000000, 0x00000000c5580000, 0x00000000eab00000)
  object space 87552K, 0% used [0x00000000c0000000,0x00000000c0000000,0x00000000c5580000)
 Metaspace       used 5998K, capacity 6896K, committed 7040K, reserved 1056768K
  class space    used 601K, capacity 616K, committed 640K, reserved 1048576K
Event: 1.919 GC heap after
Heap after GC invocations=1 (full 0):
 PSYoungGen      total 38400K, used 5095K [0x00000000eab00000, 0x00000000ef600000, 0x0000000100000000)
  eden space 33280K, 0% used [0x00000000eab00000,0x00000000eab00000,0x00000000ecb80000)
  from space 5120K, 99% used [0x00000000ecb80000,0x00000000ed079e98,0x00000000ed080000)
  to   space 5120K, 0% used [0x00000000ef100000,0x00000000ef100000,0x00000000ef600000)
 ParOldGen       total 87552K, used 870K [0x00000000c0000000, 0x00000000c5580000, 0x00000000eab00000)
  object space 87552K, 0% used [0x00000000c0000000,0x00000000c00d9bd8,0x00000000c5580000)
 Metaspace       used 5998K, capacity 6896K, committed 7040K, reserved 1056768K
  class space    used 601K, capacity 616K, committed 640K, reserved 1048576K
}
Event: 4.076 GC heap before
{Heap before GC invocations=2 (full 0):
 PSYoungGen      total 38400K, used 38375K [0x00000000eab00000, 0x00000000ef600000, 0x0000000100000000)
  eden space 33280K, 100% used [0x00000000eab00000,0x00000000ecb80000,0x00000000ecb80000)
  from space 5120K, 99% used [0x00000000ecb80000,0x00000000ed079e98,0x00000000ed080000)
  to   space 5120K, 0% used [0x00000000ef100000,0x00000000ef100000,0x00000000ef600000)
 ParOldGen       total 87552K, used 870K [0x00000000c0000000, 0x00000000c5580000, 0x00000000eab00000)
  object space 87552K, 0% used [0x00000000c0000000,0x00000000c00d9bd8,0x00000000c5580000)
 Metaspace       used 6195K, capacity 7088K, committed 7296K, reserved 1056768K
  class space    used 602K, capacity 616K, committed 640K, reserved 1048576K
Event: 4.594 GC heap after
Heap after GC invocations=2 (full 0):
 PSYoungGen      total 71680K, used 5110K [0x00000000eab00000, 0x00000000ef600000, 0x0000000100000000)
  eden space 66560K, 0% used [0x00000000eab00000,0x00000000eab00000,0x00000000eec00000)
  from space 5120K, 99% used [0x00000000ef100000,0x00000000ef5fdab8,0x00000000ef600000)
  to   space 5120K, 0% used [0x00000000eec00000,0x00000000eec00000,0x00000000ef100000)
 ParOldGen       total 87552K, used 4890K [0x00000000c0000000, 0x00000000c5580000, 0x00000000eab00000)
  object space 87552K, 5% used [0x00000000c0000000,0x00000000c04c6820,0x00000000c5580000)
 Metaspace       used 6195K, capacity 7088K, committed 7296K, reserved 1056768K
  class space    used 602K, capacity 616K, committed 640K, reserved 1048576K
}
Event: 11.206 GC heap before
{Heap before GC invocations=3 (full 0):
 PSYoungGen      total 71680K, used 71670K [0x00000000eab00000, 0x00000000ef600000, 0x0000000100000000)
  eden space 66560K, 100% used [0x00000000eab00000,0x00000000eec00000,0x00000000eec00000)
  from space 5120K, 99% used [0x00000000ef100000,0x00000000ef5fdab8,0x00000000ef600000)
  to   space 5120K, 0% used [0x00000000eec00000,0x00000000eec00000,0x00000000ef100000)
 ParOldGen       total 87552K, used 4890K [0x00000000c0000000, 0x00000000c5580000, 0x00000000eab00000)
  object space 87552K, 5% used [0x00000000c0000000,0x00000000c04c6820,0x00000000c5580000)
 Metaspace       used 6285K, capacity 7152K, committed 7296K, reserved 1056768K
  class space    used 603K, capacity 616K, committed 640K, reserved 1048576K
Event: 11.322 GC heap after
Heap after GC invocations=3 (full 0):
 PSYoungGen      total 71680K, used 5105K [0x00000000eab00000, 0x00000000f3700000, 0x0000000100000000)
  eden space 66560K, 0% used [0x00000000eab00000,0x00000000eab00000,0x00000000eec00000)
  from space 5120K, 99% used [0x00000000eec00000,0x00000000ef0fc420,0x00000000ef100000)
  to   space 5120K, 0% used [0x00000000f3200000,0x00000000f3200000,0x00000000f3700000)
 ParOldGen       total 87552K, used 15004K [0x00000000c0000000, 0x00000000c5580000, 0x00000000eab00000)
  object space 87552K, 17% used [0x00000000c0000000,0x00000000c0ea71d0,0x00000000c5580000)
 Metaspace       used 6285K, capacity 7152K, committed 7296K, reserved 1056768K
  class space    used 603K, capacity 616K, committed 640K, reserved 1048576K
}
Event: 13.682 GC heap before
{Heap before GC invocations=4 (full 0):
 PSYoungGen      total 71680K, used 71665K [0x00000000eab00000, 0x00000000f3700000, 0x0000000100000000)
  eden space 66560K, 100% used [0x00000000eab00000,0x00000000eec00000,0x00000000eec00000)
  from space 5120K, 99% used [0x00000000eec00000,0x00000000ef0fc420,0x00000000ef100000)
  to   space 5120K, 0% used [0x00000000f3200000,0x00000000f3200000,0x00000000f3700000)
 ParOldGen       total 87552K, used 15004K [0x00000000c0000000, 0x00000000c5580000, 0x00000000eab00000)
  object space 87552K, 17% used [0x00000000c0000000,0x00000000c0ea71d0,0x00000000c5580000)
 Metaspace       used 6396K, capacity 7192K, committed 7424K, reserved 1056768K
  class space    used 624K, capacity 656K, committed 768K, reserved 1048576K
Event: 13.960 GC heap after
Heap after GC invocations=4 (full 0):
 PSYoungGen      total 138240K, used 5114K [0x00000000eab00000, 0x00000000f3700000, 0x0000000100000000)
  eden space 133120K, 0% used [0x00000000eab00000,0x00000000eab00000,0x00000000f2d00000)
  from space 5120K, 99% used [0x00000000f3200000,0x00000000f36fea08,0x00000000f3700000)
  to   space 5120K, 0% used [0x00000000f2d00000,0x00000000f2d00000,0x00000000f3200000)
 ParOldGen       total 87552K, used 24439K [0x00000000c0000000, 0x00000000c5580000, 0x00000000eab00000)
  object space 87552K, 27% used [0x00000000c0000000,0x00000000c17dde00,0x00000000c5580000)
 Metaspace       used 6396K, capacity 7192K, committed 7424K, reserved 1056768K
  class space    used 624K, capacity 656K, committed 768K, reserved 1048576K
}

Deoptimization events (10 events):
Event: 12.507 Thread 0x0000000056b10800 Uncommon trap: reason=unstable_if action=reinterpret pc=0x0000000002cc20a8 method=com.android.dx.ssa.LiteralOpUpgrader$1.visitNonMoveInsn(Lcom/android/dx/ssa/NormalSsaInsn;)V @ 24
Event: 14.182 Thread 0x0000000056b4e800 Uncommon trap: reason=class_check action=maybe_recompile pc=0x0000000002d03c34 method=com.android.dx.cf.code.BytecodeArray.parseInstruction(ILcom/android/dx/cf/code/BytecodeArray$Visitor;)I @ 987
Event: 14.182 Thread 0x0000000056b4e800 Uncommon trap: reason=class_check action=maybe_recompile pc=0x0000000002d03c34 method=com.android.dx.cf.code.BytecodeArray.parseInstruction(ILcom/android/dx/cf/code/BytecodeArray$Visitor;)I @ 987
Event: 14.183 Thread 0x0000000056b4e800 Uncommon trap: reason=class_check action=maybe_recompile pc=0x0000000002d03c34 method=com.android.dx.cf.code.BytecodeArray.parseInstruction(ILcom/android/dx/cf/code/BytecodeArray$Visitor;)I @ 987
Event: 14.183 Thread 0x0000000056b4e800 Uncommon trap: reason=class_check action=maybe_recompile pc=0x0000000002d03c34 method=com.android.dx.cf.code.BytecodeArray.parseInstruction(ILcom/android/dx/cf/code/BytecodeArray$Visitor;)I @ 987
Event: 14.197 Thread 0x0000000056a3a800 Uncommon trap: reason=bimorphic action=maybe_recompile pc=0x0000000002a36f20 method=com.android.dx.ssa.LiteralOpUpgrader.tryReplacingWithConstant(Lcom/android/dx/ssa/NormalSsaInsn;)Z @ 62
Event: 15.222 Thread 0x0000000056a3a800 Uncommon trap: reason=unstable_if action=reinterpret pc=0x0000000002da677c method=com.android.dx.cf.code.Ropper.isSynchronized()Z @ 12
Event: 15.223 Thread 0x0000000056a3a800 Uncommon trap: reason=unstable_if action=reinterpret pc=0x0000000002a0bc70 method=com.android.dx.ssa.MoveParamCombiner$1.visitNonMoveInsn(Lcom/android/dx/ssa/NormalSsaInsn;)V @ 27
Event: 15.340 Thread 0x0000000056b10800 Uncommon trap: reason=unstable_if action=reinterpret pc=0x0000000002d24234 method=com.android.dx.rop.code.RegisterSpec.intersect(Lcom/android/dx/rop/code/RegisterSpec;Z)Lcom/android/dx/rop/code/RegisterSpec; @ 42
Event: 15.464 Thread 0x0000000056b4a800 Uncommon trap: reason=unstable_if action=reinterpret pc=0x0000000002d42a70 method=com.android.dx.rop.code.DexTranslationAdvice.hasConstantOperation(Lcom/android/dx/rop/code/Rop;Lcom/android/dx/rop/code/RegisterSpec;Lcom/android/dx/rop/code/RegisterSpec;)Z `è¿au)@

Internal exceptions (6 events):
Event: 0.065 Thread 0x00000000002de800 Exception <a 'java/lang/NoSuchMethodError': Method sun.misc.Unsafe.defineClass(Ljava/lang/String;[BII)Ljava/lang/Class; name or signature does not match> (0x00000000eab0d728) thrown at [C:\workspace\8-2-build-windows-amd64-cygwin\jdk8u65\4987\hotspot\src\sò4ÏÑÊ…∞?
Event: 0.066 Thread 0x00000000002de800 Exception <a 'java/lang/NoSuchMethodError': Method sun.misc.Unsafe.prefetchRead(Ljava/lang/Object;J)V name or signature does not match> (0x00000000eab0da10) thrown at [C:\workspace\8-2-build-windows-amd64-cygwin\jdk8u65\4987\hotspot\src\share\vm\prims\jni.¨Ê±C±˙?
Event: 1.668 Thread 0x0000000056b4e800 Implicit null exception at 0x00000000026ffa2e to 0x0000000002701a59
Event: 11.850 Thread 0x0000000056b4e800 Exception <a 'java/lang/ArrayIndexOutOfBoundsException': 18> (0x00000000ecb939c8) thrown at [C:\workspace\8-2-build-windows-amd64-cygwin\jdk8u65\4987\hotspot\src\share\vm\interpreter\interpreterRuntime.cpp, line 366]
Event: 11.851 Thread 0x0000000056b4e800 Exception <a 'java/lang/ArrayIndexOutOfBoundsException': 145> (0x00000000ecc72260) thrown at [C:\workspace\8-2-build-windows-amd64-cygwin\jdk8u65\4987\hotspot\src\share\vm\interpreter\interpreterRuntime.cpp, line 366]
Event: 11.852 Thread 0x0000000056b4e800 Exception <a 'java/lang/ArrayIndexOutOfBoundsException'> (0x00000000ecc73548) thrown at [C:\workspace\8-2-build-windows-amd64-cygwin\jdk8u65\4987\hotspot\src\share\vm\runtime\sharedRuntime.cpp, line 605]

Events (10 events):
Event: 15.223 Thread 0x0000000056a3a800 DEOPT PACKING pc=0x0000000002a0bc70 sp=0x0000000057b9e7b0
Event: 15.223 Thread 0x0000000056a3a800 DEOPT UNPACKING pc=0x000000000245582a sp=0x0000000057b9e708 mode 2
Event: 15.340 Thread 0x0000000056b10800 Uncommon trap: trap_request=0xffffff65 fr.pc=0x0000000002d24234
Event: 15.340 Thread 0x0000000056b10800 DEOPT PACKING pc=0x0000000002d24234 sp=0x00000000576ce6c0
Event: 15.340 Thread 0x0000000056b10800 DEOPT UNPACKING pc=0x000000000245582a sp=0x00000000576ce570 mode 2
Event: 15.450 Thread 0x0000000056b4a800 DEOPT PACKING pc=0x00000000028dcaf3 sp=0x0000000057a7eb70
Event: 15.450 Thread 0x0000000056b4a800 DEOPT UNPACKING pc=0x000000000245787f sp=0x0000000057a7e8f8 mode 0
Event: 15.464 Thread 0x0000000056b4a800 Uncommon trap: trap_request=0xffffff65 fr.pc=0x0000000002d42a70
Event: 15.464 Thread 0x0000000056b4a800 DEOPT PACKING pc=0x0000000002d42a70 sp=0x0000000057a7e5e0
Event: 15.464 Thread 0x0000000056b4a800 DEOPT UNPACKING pc=0x000000000245582a sp=0x0000000057a7e540 mode 2


Dynamic libraries:
0x000000013f750000 - 0x000000013f787000 	C:\Program Files\Java\jdk1.8.0_65\bin\java.exe
0x0000000077690000 - 0x000000007783a000 	C:\Windows\SYSTEM32\ntdll.dll
0x0000000077570000 - 0x000000007768f000 	C:\Windows\system32\kernel32.dll
0x000007fefd430000 - 0x000007fefd49a000 	C:\Windows\system32\KERNELBASE.dll
0x000007fefdc70000 - 0x000007fefdd4b000 	C:\Windows\system32\ADVAPI32.dll
0x000007fefdb50000 - 0x000007fefdbef000 	C:\Windows\system32\msvcrt.dll
0x000007fefe020000 - 0x000007fefe03f000 	C:\Windows\SYSTEM32\sechost.dll
0x000007feff030000 - 0x000007feff15d000 	C:\Windows\system32\RPCRT4.dll
0x0000000077470000 - 0x000000007756a000 	C:\Windows\system32\USER32.dll
0x000007feff4f0000 - 0x000007feff557000 	C:\Windows\system32\GDI32.dll
0x000007fefda30000 - 0x000007fefda3e000 	C:\Windows\system32\LPK.dll
0x000007fefd7e0000 - 0x000007fefd8aa000 	C:\Windows\system32\USP10.dll
0x000007fefbdd0000 - 0x000007fefbfc4000 	C:\Windows\WinSxS\amd64_microsoft.windows.common-controls_6595b64144ccf1df_6.0.7601.18837_none_fa3b1e3d17594757\COMCTL32.dll
0x000007fefd8b0000 - 0x000007fefd921000 	C:\Windows\system32\SHLWAPI.dll
0x000007fefe0e0000 - 0x000007fefe10e000 	C:\Windows\system32\IMM32.DLL
0x000007fefda40000 - 0x000007fefdb49000 	C:\Windows\system32\MSCTF.dll
0x0000000059b40000 - 0x0000000059c12000 	C:\Program Files\Java\jdk1.8.0_65\jre\bin\msvcr100.dll
0x000000005e9e0000 - 0x000000005f269000 	C:\Program Files\Java\jdk1.8.0_65\jre\bin\server\jvm.dll
0x000007fef8af0000 - 0x000007fef8af9000 	C:\Windows\system32\WSOCK32.dll
0x000007feff560000 - 0x000007feff5ad000 	C:\Windows\system32\WS2_32.dll
0x000007fefd7d0000 - 0x000007fefd7d8000 	C:\Windows\system32\NSI.dll
0x000007fefaf80000 - 0x000007fefafbb000 	C:\Windows\system32\WINMM.dll
0x000007fefc490000 - 0x000007fefc49c000 	C:\Windows\system32\VERSION.dll
0x0000000077860000 - 0x0000000077867000 	C:\Windows\system32\PSAPI.DLL
0x0000000073620000 - 0x000000007362f000 	C:\Program Files\Java\jdk1.8.0_65\jre\bin\verify.dll
0x00000000735f0000 - 0x0000000073619000 	C:\Program Files\Java\jdk1.8.0_65\jre\bin\java.dll
0x00000000735d0000 - 0x00000000735e6000 	C:\Program Files\Java\jdk1.8.0_65\jre\bin\zip.dll
0x000007fefe2a0000 - 0x000007feff02a000 	C:\Windows\system32\SHELL32.dll
0x000007feff790000 - 0x000007feff993000 	C:\Windows\system32\ole32.dll
0x000007fefd410000 - 0x000007fefd41f000 	C:\Windows\system32\profapi.dll
0x000007feeb6f0000 - 0x000007feeb815000 	C:\Windows\system32\dbghelp.dll

VM Arguments:
jvm_args: -Djava.awt.headless=true -Xmx1024M -Dfile.encoding=windows-1252 -Duser.country=FR -Duser.language=fr -Duser.variant 
java_command: com.android.dx.command.Main --dex --force-jumbo --num-threads=4 --multi-dex --output C:\Users\Smlc\AndroidStudioProjects\GameApp\app\build\intermediates\transforms\dex\debug\folders\1000\10\com.android.support-appcompat-v7-23.3.0_b875871089b19de14e56ab6fe45617f72b38322e C:\Users\Smlc\AndroidStudioProjects\GameApp\app\build\intermediates\exploded-aar\com.android.support\appcompat-v7\23.3.0\jars\classes.jar
java_class_path (initial): C:\Users\Smlc\AppData\Local\Android\sdk\build-tools\23.0.3\lib\dx.jar
Launcher Type: SUN_STANDARD

Environment Variables:
JAVA_HOME=C:\Program Files\Java\jdk1.8.0_65
PATH=C:\ProgramData\Oracle\Java\javapath;C:\Program Files (x86)\NVIDIA Corporation\PhysX\Common;C:\Program Files\Common Files\Microsoft Shared\Windows Live;C:\Program Files (x86)\Common Files\Microsoft Shared\Windows Live;C:\Windows\system32;C:\Windows;C:\Windows\System32\Wbem;C:\Windows\System32\WindowsPowerShell\v1.0\;C:\Program Files (x86)\Sony\VAIO Startup Setting Tool;C:\Program Files (x86)\Windows Live\Shared;C:\MinGW\bin;C:\Program Files (x86)\MiKTeX 2.9\miktex\bin\;C:\Program Files (x86)\Skype\Phone\;C:\Program Files\Git\cmd
USERNAME=Smlc
OS=Windows_NT
PROCESSOR_IDENTIFIER=Intel64 Family 6 Model 42 Stepping 7, GenuineIntel



---------------  S Y S T E M  ---------------

OS: Windows 7 , 64 bit Build 7601 (6.1.7601.23392)

CPU:total 4 (2 cores per cpu, 2 threads per core) family 6 model 42 stepping 7, cmov, cx8, fxsr, mmx, sse, sse2, sse3, ssse3, sse4.1, sse4.2, popcnt, avx, clmul, ht, tsc, tscinvbit

Memory: 4k page, physical 8370032k(2405500k free), swap 16738208k(7429800k free)

vm_info: Java HotSpot(TM) 64-Bit Server VM (25.65-b01) for windows-amd64 JRE (1.8.0_65-b17), built on Oct  6 2015 16:39:20 by "java_re" with MS VC++ 10.0 (VS2010)

time: Thu May 12 14:27:52 2016
elapsed time: 15 seconds (0d 0h 0m 15s)

